Organizing dataset: metadata=metadata.csv output=data mode=copy overwrite=0 dry_run=0
[INFO] OK: data/laringite/1046_laringite_a_n.wav
[INFO] OK: data/laringite/1046_laringite_i_n.wav
[INFO] OK: data/laringite/1046_laringite_u_n.wav
[INFO] OK: data/laringite/1047_laringite_a_n.wav
[INFO] OK: data/laringite/1047_laringite_i_n.wav
[INFO] OK: data/laringite/1047_laringite_u_n.wav
[INFO] OK: data/laringite/107_laringite_a_n.wav
[INFO] OK: data/laringite/107_laringite_i_n.wav
[INFO] OK: data/laringite/107_laringite_u_n.wav
[INFO] OK: data/laringite/1119_laringite_a_n.wav
[INFO] OK: data/laringite/1119_laringite_i_n.wav
[INFO] OK: data/laringite/1119_laringite_u_n.wav
[INFO] OK: data/laringite/1161_laringite_a_n.wav
[INFO] OK: data/laringite/1161_laringite_i_n.wav
[INFO] OK: data/laringite/1161_laringite_u_n.wav
[INFO] OK: data/laringite/1163_laringite_a_n.wav
[INFO] OK: data/laringite/1163_laringite_i_n.wav
[INFO] OK: data/laringite/1163_laringite_u_n.wav
[INFO] OK: data/laringite/1188_laringite_a_n.wav
[INFO] OK: data/laringite/1188_laringite_i_n.wav
[INFO] OK: data/laringite/1188_laringite_u_n.wav
[INFO] OK: data/laringite/1192_laringite_a_n.wav
[INFO] OK: data/laringite/1192_laringite_i_n.wav
[INFO] OK: data/laringite/1192_laringite_u_n.wav
[INFO] OK: data/laringite/1221_laringite_a_n.wav
[INFO] OK: data/laringite/1221_laringite_i_n.wav
[INFO] OK: data/laringite/1221_laringite_u_n.wav
[INFO] OK: data/laringite/1228_laringite_a_n.wav
[INFO] OK: data/laringite/1228_laringite_i_n.wav
[INFO] OK: data/laringite/1228_laringite_u_n.wav
[INFO] OK: data/laringite/1229_laringite_a_n.wav
[INFO] OK: data/laringite/1229_laringite_i_n.wav
[INFO] OK: data/laringite/1229_laringite_u_n.wav
[INFO] OK: data/laringite/1233_laringite_a_n.wav
[INFO] OK: data/laringite/1233_laringite_i_n.wav
[INFO] OK: data/laringite/1233_laringite_u_n.wav
[INFO] OK: data/laringite/1235_laringite_a_n.wav
[INFO] OK: data/laringite/1235_laringite_i_n.wav
[INFO] OK: data/laringite/1235_laringite_u_n.wav
[INFO] OK: data/laringite/1237_laringite_a_n.wav
[INFO] OK: data/laringite/1237_laringite_i_n.wav
[INFO] OK: data/laringite/1237_laringite_u_n.wav
[INFO] OK: data/laringite/1246_laringite_a_n.wav
[INFO] OK: data/laringite/1246_laringite_i_n.wav
[INFO] OK: data/laringite/1246_laringite_u_n.wav
[INFO] OK: data/laringite/1248_laringite_a_n.wav
[INFO] OK: data/laringite/1248_laringite_i_n.wav
[INFO] OK: data/laringite/1248_laringite_u_n.wav
[INFO] OK: data/laringite/1257_laringite_a_n.wav
[INFO] OK: data/laringite/1257_laringite_i_n.wav
[INFO] OK: data/laringite/1257_laringite_u_n.wav
[INFO] OK: data/laringite/1259_laringite_a_n.wav
[INFO] OK: data/laringite/1259_laringite_i_n.wav
[INFO] OK: data/laringite/1259_laringite_u_n.wav
[INFO] OK: data/laringite/1260_laringite_a_n.wav
[INFO] OK: data/laringite/1260_laringite_i_n.wav
[INFO] OK: data/laringite/1260_laringite_u_n.wav
[INFO] OK: data/laringite/1264_laringite_a_n.wav
[INFO] OK: data/laringite/1264_laringite_i_n.wav
[INFO] OK: data/laringite/1264_laringite_u_n.wav
[INFO] OK: data/laringite/1265_laringite_a_n.wav
[INFO] OK: data/laringite/1265_laringite_i_n.wav
[INFO] OK: data/laringite/1265_laringite_u_n.wav
[INFO] OK: data/laringite/1269_laringite_a_n.wav
[INFO] OK: data/laringite/1269_laringite_i_n.wav
[INFO] OK: data/laringite/1269_laringite_u_n.wav
[INFO] OK: data/laringite/1274_laringite_a_n.wav
[INFO] OK: data/laringite/1274_laringite_i_n.wav
[INFO] OK: data/laringite/1274_laringite_u_n.wav
[INFO] OK: data/laringite/1283_laringite_a_n.wav
[INFO] OK: data/laringite/1283_laringite_i_n.wav
[INFO] OK: data/laringite/1283_laringite_u_n.wav
[INFO] OK: data/laringite/1295_laringite_a_n.wav
[INFO] OK: data/laringite/1295_laringite_i_n.wav
[INFO] OK: data/laringite/1295_laringite_u_n.wav
[INFO] OK: data/laringite/1300_laringite_a_n.wav
[INFO] OK: data/laringite/1300_laringite_i_n.wav
[INFO] OK: data/laringite/1300_laringite_u_n.wav
[INFO] OK: data/laringite/1301_laringite_a_n.wav
[INFO] OK: data/laringite/1301_laringite_i_n.wav
[INFO] OK: data/laringite/1301_laringite_u_n.wav
[INFO] OK: data/laringite/1307_laringite_a_n.wav
[INFO] OK: data/laringite/1307_laringite_i_n.wav
[INFO] OK: data/laringite/1307_laringite_u_n.wav
[INFO] OK: data/laringite/1311_laringite_a_n.wav
[INFO] OK: data/laringite/1311_laringite_i_n.wav
[INFO] OK: data/laringite/1311_laringite_u_n.wav
[INFO] OK: data/laringite/1315_laringite_a_n.wav
[INFO] OK: data/laringite/1315_laringite_i_n.wav
[INFO] OK: data/laringite/1315_laringite_u_n.wav
[INFO] OK: data/laringite/1388_laringite_a_n.wav
[INFO] OK: data/laringite/1388_laringite_i_n.wav
[INFO] OK: data/laringite/1388_laringite_u_n.wav
[INFO] OK: data/laringite/139_laringite_a_n.wav
[INFO] OK: data/laringite/139_laringite_i_n.wav
[INFO] OK: data/laringite/139_laringite_u_n.wav
[INFO] OK: data/laringite/1404_laringite_a_n.wav
[INFO] OK: data/laringite/1404_laringite_i_n.wav
[INFO] OK: data/laringite/1404_laringite_u_n.wav
[INFO] OK: data/laringite/1405_laringite_a_n.wav
[INFO] OK: data/laringite/1405_laringite_i_n.wav
[INFO] OK: data/laringite/1405_laringite_u_n.wav
[INFO] OK: data/laringite/1414_laringite_a_n.wav
[INFO] OK: data/laringite/1414_laringite_i_n.wav
[INFO] OK: data/laringite/1414_laringite_u_n.wav
[INFO] OK: data/laringite/1418_laringite_a_n.wav
[INFO] OK: data/laringite/1418_laringite_i_n.wav
[INFO] OK: data/laringite/1418_laringite_u_n.wav
[INFO] OK: data/laringite/141_laringite_a_n.wav
[INFO] OK: data/laringite/141_laringite_i_n.wav
[INFO] OK: data/laringite/141_laringite_u_n.wav
[INFO] OK: data/laringite/1426_laringite_a_n.wav
[INFO] OK: data/laringite/1426_laringite_i_n.wav
[INFO] OK: data/laringite/1426_laringite_u_n.wav
[INFO] OK: data/laringite/1436_laringite_a_n.wav
[INFO] OK: data/laringite/1436_laringite_i_n.wav
[INFO] OK: data/laringite/1436_laringite_u_n.wav
[INFO] OK: data/laringite/1440_laringite_a_n.wav
[INFO] OK: data/laringite/1440_laringite_i_n.wav
[INFO] OK: data/laringite/1440_laringite_u_n.wav
[INFO] OK: data/laringite/1447_laringite_a_n.wav
[INFO] OK: data/laringite/1447_laringite_i_n.wav
[INFO] OK: data/laringite/1447_laringite_u_n.wav
[INFO] OK: data/laringite/1456_laringite_a_n.wav
[INFO] OK: data/laringite/1456_laringite_i_n.wav
[INFO] OK: data/laringite/1456_laringite_u_n.wav
[INFO] OK: data/laringite/1463_laringite_a_n.wav
[INFO] OK: data/laringite/1463_laringite_i_n.wav
[INFO] OK: data/laringite/1463_laringite_u_n.wav
[INFO] OK: data/laringite/1472_laringite_a_n.wav
[INFO] OK: data/laringite/1472_laringite_i_n.wav
[INFO] OK: data/laringite/1472_laringite_u_n.wav
[INFO] OK: data/laringite/1554_laringite_a_n.wav
[INFO] OK: data/laringite/1554_laringite_i_n.wav
[INFO] OK: data/laringite/1554_laringite_u_n.wav
[INFO] OK: data/laringite/1567_laringite_a_n.wav
[INFO] OK: data/laringite/1567_laringite_i_n.wav
[INFO] OK: data/laringite/1567_laringite_u_n.wav
[INFO] OK: data/laringite/1578_laringite_a_n.wav
[INFO] OK: data/laringite/1578_laringite_i_n.wav
[INFO] OK: data/laringite/1578_laringite_u_n.wav
[INFO] OK: data/laringite/1591_laringite_a_n.wav
[INFO] OK: data/laringite/1591_laringite_i_n.wav
[INFO] OK: data/laringite/1591_laringite_u_n.wav
[INFO] OK: data/laringite/1599_laringite_a_n.wav
[INFO] OK: data/laringite/1599_laringite_i_n.wav
[INFO] OK: data/laringite/1599_laringite_u_n.wav
[INFO] OK: data/laringite/1610_laringite_a_n.wav
[INFO] OK: data/laringite/1610_laringite_i_n.wav
[INFO] OK: data/laringite/1610_laringite_u_n.wav
[INFO] OK: data/laringite/1613_laringite_a_n.wav
[INFO] OK: data/laringite/1613_laringite_i_n.wav
[INFO] OK: data/laringite/1613_laringite_u_n.wav
[INFO] OK: data/laringite/1614_laringite_a_n.wav
[INFO] OK: data/laringite/1614_laringite_i_n.wav
[INFO] OK: data/laringite/1614_laringite_u_n.wav
[INFO] OK: data/laringite/1617_laringite_a_n.wav
[INFO] OK: data/laringite/1617_laringite_i_n.wav
[INFO] OK: data/laringite/1617_laringite_u_n.wav
[INFO] OK: data/laringite/1629_laringite_a_n.wav
[INFO] OK: data/laringite/1629_laringite_i_n.wav
[INFO] OK: data/laringite/1629_laringite_u_n.wav
[INFO] OK: data/laringite/1665_laringite_a_n.wav
[INFO] OK: data/laringite/1665_laringite_i_n.wav
[INFO] OK: data/laringite/1665_laringite_u_n.wav
[INFO] OK: data/laringite/1780_laringite_a_n.wav
[INFO] OK: data/laringite/1780_laringite_i_n.wav
[INFO] OK: data/laringite/1780_laringite_u_n.wav
[INFO] OK: data/laringite/1783_laringite_a_n.wav
[INFO] OK: data/laringite/1783_laringite_i_n.wav
[INFO] OK: data/laringite/1783_laringite_u_n.wav
[INFO] OK: data/laringite/1795_laringite_a_n.wav
[INFO] OK: data/laringite/1795_laringite_i_n.wav
[INFO] OK: data/laringite/1795_laringite_u_n.wav
[INFO] OK: data/laringite/1796_laringite_a_n.wav
[INFO] OK: data/laringite/1796_laringite_i_n.wav
[INFO] OK: data/laringite/1796_laringite_u_n.wav
[INFO] OK: data/laringite/1806_laringite_a_n.wav
[INFO] OK: data/laringite/1806_laringite_i_n.wav
[INFO] OK: data/laringite/1806_laringite_u_n.wav
[INFO] OK: data/laringite/1809_laringite_a_n.wav
[INFO] OK: data/laringite/1809_laringite_i_n.wav
[INFO] OK: data/laringite/1809_laringite_u_n.wav
[INFO] OK: data/laringite/1930_laringite_a_n.wav
[INFO] OK: data/laringite/1930_laringite_i_n.wav
[INFO] OK: data/laringite/1930_laringite_u_n.wav
[INFO] OK: data/laringite/1940_laringite_a_n.wav
[INFO] OK: data/laringite/1940_laringite_i_n.wav
[INFO] OK: data/laringite/1940_laringite_u_n.wav
[INFO] OK: data/laringite/1953_laringite_a_n.wav
[INFO] OK: data/laringite/1953_laringite_i_n.wav
[INFO] OK: data/laringite/1953_laringite_u_n.wav
[INFO] OK: data/laringite/1965_laringite_a_n.wav
[INFO] OK: data/laringite/1965_laringite_i_n.wav
[INFO] OK: data/laringite/1965_laringite_u_n.wav
[INFO] OK: data/laringite/1973_laringite_a_n.wav
[INFO] OK: data/laringite/1973_laringite_i_n.wav
[INFO] OK: data/laringite/1973_laringite_u_n.wav
[INFO] OK: data/laringite/1978_laringite_a_n.wav
[INFO] OK: data/laringite/1978_laringite_i_n.wav
[INFO] OK: data/laringite/1978_laringite_u_n.wav
[INFO] OK: data/laringite/1987_laringite_a_n.wav
[INFO] OK: data/laringite/1987_laringite_i_n.wav
[INFO] OK: data/laringite/1987_laringite_u_n.wav
[INFO] OK: data/laringite/2003_laringite_a_n.wav
[INFO] OK: data/laringite/2003_laringite_i_n.wav
[INFO] OK: data/laringite/2003_laringite_u_n.wav
[INFO] OK: data/laringite/2012_laringite_a_n.wav
[INFO] OK: data/laringite/2012_laringite_i_n.wav
[INFO] OK: data/laringite/2012_laringite_u_n.wav
[INFO] OK: data/laringite/2021_laringite_a_n.wav
[INFO] OK: data/laringite/2021_laringite_i_n.wav
[INFO] OK: data/laringite/2021_laringite_u_n.wav
[INFO] OK: data/laringite/2028_laringite_a_n.wav
[INFO] OK: data/laringite/2028_laringite_i_n.wav
[INFO] OK: data/laringite/2028_laringite_u_n.wav
[INFO] OK: data/laringite/2075_laringite_a_n.wav
[INFO] OK: data/laringite/2075_laringite_i_n.wav
[INFO] OK: data/laringite/2075_laringite_u_n.wav
[INFO] OK: data/laringite/2079_laringite_a_n.wav
[INFO] OK: data/laringite/2079_laringite_i_n.wav
[INFO] OK: data/laringite/2079_laringite_u_n.wav
[INFO] OK: data/laringite/2097_laringite_a_n.wav
[INFO] OK: data/laringite/2097_laringite_i_n.wav
[INFO] OK: data/laringite/2097_laringite_u_n.wav
[INFO] OK: data/laringite/2101_laringite_a_n.wav
[INFO] OK: data/laringite/2101_laringite_i_n.wav
[INFO] OK: data/laringite/2101_laringite_u_n.wav
[INFO] OK: data/laringite/2110_laringite_a_n.wav
[INFO] OK: data/laringite/2110_laringite_i_n.wav
[INFO] OK: data/laringite/2110_laringite_u_n.wav
[INFO] OK: data/laringite/2120_laringite_a_n.wav
[INFO] OK: data/laringite/2120_laringite_i_n.wav
[INFO] OK: data/laringite/2120_laringite_u_n.wav
[INFO] OK: data/laringite/2126_laringite_a_n.wav
[INFO] OK: data/laringite/2126_laringite_i_n.wav
[INFO] OK: data/laringite/2126_laringite_u_n.wav
[INFO] OK: data/laringite/2128_laringite_a_n.wav
[INFO] OK: data/laringite/2128_laringite_i_n.wav
[INFO] OK: data/laringite/2128_laringite_u_n.wav
[INFO] OK: data/laringite/2156_laringite_a_n.wav
[INFO] OK: data/laringite/2156_laringite_i_n.wav
[INFO] OK: data/laringite/2156_laringite_u_n.wav
[INFO] OK: data/laringite/2191_laringite_a_n.wav
[INFO] OK: data/laringite/2191_laringite_i_n.wav
[INFO] OK: data/laringite/2191_laringite_u_n.wav
[INFO] OK: data/laringite/2219_laringite_a_n.wav
[INFO] OK: data/laringite/2219_laringite_i_n.wav
[INFO] OK: data/laringite/2219_laringite_u_n.wav
[INFO] OK: data/laringite/2242_laringite_a_n.wav
[INFO] OK: data/laringite/2242_laringite_i_n.wav
[INFO] OK: data/laringite/2242_laringite_u_n.wav
[INFO] OK: data/laringite/2276_laringite_a_n.wav
[INFO] OK: data/laringite/2276_laringite_i_n.wav
[INFO] OK: data/laringite/2276_laringite_u_n.wav
[INFO] OK: data/laringite/2296_laringite_a_n.wav
[INFO] OK: data/laringite/2296_laringite_i_n.wav
[INFO] OK: data/laringite/2296_laringite_u_n.wav
[INFO] OK: data/laringite/2301_laringite_a_n.wav
[INFO] OK: data/laringite/2301_laringite_i_n.wav
[INFO] OK: data/laringite/2301_laringite_u_n.wav
[INFO] OK: data/laringite/2305_laringite_a_n.wav
[INFO] OK: data/laringite/2305_laringite_i_n.wav
[INFO] OK: data/laringite/2305_laringite_u_n.wav
[INFO] OK: data/laringite/2315_laringite_a_n.wav
[INFO] OK: data/laringite/2315_laringite_i_n.wav
[INFO] OK: data/laringite/2315_laringite_u_n.wav
[INFO] OK: data/laringite/2321_laringite_a_n.wav
[INFO] OK: data/laringite/2321_laringite_i_n.wav
[INFO] OK: data/laringite/2321_laringite_u_n.wav
[INFO] OK: data/laringite/2328_laringite_a_n.wav
[INFO] OK: data/laringite/2328_laringite_i_n.wav
[INFO] OK: data/laringite/2328_laringite_u_n.wav
[INFO] OK: data/laringite/2351_laringite_a_n.wav
[INFO] OK: data/laringite/2351_laringite_i_n.wav
[INFO] OK: data/laringite/2351_laringite_u_n.wav
[INFO] OK: data/laringite/2370_laringite_a_n.wav
[INFO] OK: data/laringite/2370_laringite_i_n.wav
[INFO] OK: data/laringite/2370_laringite_u_n.wav
[INFO] OK: data/laringite/2404_laringite_a_n.wav
[INFO] OK: data/laringite/2404_laringite_i_n.wav
[INFO] OK: data/laringite/2404_laringite_u_n.wav
[INFO] OK: data/laringite/2424_laringite_a_n.wav
[INFO] OK: data/laringite/2424_laringite_i_n.wav
[INFO] OK: data/laringite/2424_laringite_u_n.wav
[INFO] OK: data/laringite/2435_laringite_a_n.wav
[INFO] OK: data/laringite/2435_laringite_i_n.wav
[INFO] OK: data/laringite/2435_laringite_u_n.wav
[INFO] OK: data/laringite/2443_laringite_a_n.wav
[INFO] OK: data/laringite/2443_laringite_i_n.wav
[INFO] OK: data/laringite/2443_laringite_u_n.wav
[INFO] OK: data/laringite/2487_laringite_a_n.wav
[INFO] OK: data/laringite/2487_laringite_i_n.wav
[INFO] OK: data/laringite/2487_laringite_u_n.wav
[INFO] OK: data/laringite/2510_laringite_a_n.wav
[INFO] OK: data/laringite/2510_laringite_i_n.wav
[INFO] OK: data/laringite/2510_laringite_u_n.wav
[INFO] OK: data/laringite/2511_laringite_a_n.wav
[INFO] OK: data/laringite/2511_laringite_i_n.wav
[INFO] OK: data/laringite/2511_laringite_u_n.wav
[INFO] OK: data/laringite/2514_laringite_a_n.wav
[INFO] OK: data/laringite/2514_laringite_i_n.wav
[INFO] OK: data/laringite/2514_laringite_u_n.wav
[INFO] OK: data/laringite/2516_laringite_a_n.wav
[INFO] OK: data/laringite/2516_laringite_i_n.wav
[INFO] OK: data/laringite/2516_laringite_u_n.wav
[INFO] OK: data/laringite/2521_laringite_a_n.wav
[INFO] OK: data/laringite/2521_laringite_i_n.wav
[INFO] OK: data/laringite/2521_laringite_u_n.wav
[INFO] OK: data/laringite/2525_laringite_a_n.wav
[INFO] OK: data/laringite/2525_laringite_i_n.wav
[INFO] OK: data/laringite/2525_laringite_u_n.wav
[INFO] OK: data/laringite/2541_laringite_a_n.wav
[INFO] OK: data/laringite/2541_laringite_i_n.wav
[INFO] OK: data/laringite/2541_laringite_u_n.wav
[INFO] OK: data/laringite/2542_laringite_a_n.wav
[INFO] OK: data/laringite/2542_laringite_i_n.wav
[INFO] OK: data/laringite/2542_laringite_u_n.wav
[INFO] OK: data/laringite/2555_laringite_a_n.wav
[INFO] OK: data/laringite/2555_laringite_i_n.wav
[INFO] OK: data/laringite/2555_laringite_u_n.wav
[INFO] OK: data/laringite/2556_laringite_a_n.wav
[INFO] OK: data/laringite/2556_laringite_i_n.wav
[INFO] OK: data/laringite/2556_laringite_u_n.wav
[INFO] OK: data/laringite/2567_laringite_a_n.wav
[INFO] OK: data/laringite/2567_laringite_i_n.wav
[INFO] OK: data/laringite/2567_laringite_u_n.wav
[INFO] OK: data/laringite/2574_laringite_a_n.wav
[INFO] OK: data/laringite/2574_laringite_i_n.wav
[INFO] OK: data/laringite/2574_laringite_u_n.wav
[INFO] OK: data/laringite/2578_laringite_a_n.wav
[INFO] OK: data/laringite/2578_laringite_i_n.wav
[INFO] OK: data/laringite/2578_laringite_u_n.wav
[INFO] OK: data/laringite/2582_laringite_a_n.wav
[INFO] OK: data/laringite/2582_laringite_i_n.wav
[INFO] OK: data/laringite/2582_laringite_u_n.wav
[INFO] OK: data/laringite/2585_laringite_a_n.wav
[INFO] OK: data/laringite/2585_laringite_i_n.wav
[INFO] OK: data/laringite/2585_laringite_u_n.wav
[INFO] OK: data/laringite/2588_laringite_a_n.wav
[INFO] OK: data/laringite/2588_laringite_i_n.wav
[INFO] OK: data/laringite/2588_laringite_u_n.wav
[INFO] OK: data/laringite/2600_laringite_a_n.wav
[INFO] OK: data/laringite/2600_laringite_i_n.wav
[INFO] OK: data/laringite/2600_laringite_u_n.wav
[INFO] OK: data/laringite/2602_laringite_a_n.wav
[INFO] OK: data/laringite/2602_laringite_i_n.wav
[INFO] OK: data/laringite/2602_laringite_u_n.wav
[INFO] OK: data/laringite/2605_laringite_a_n.wav
[INFO] OK: data/laringite/2605_laringite_i_n.wav
[INFO] OK: data/laringite/2605_laringite_u_n.wav
[INFO] OK: data/laringite/2610_laringite_a_n.wav
[INFO] OK: data/laringite/2610_laringite_i_n.wav
[INFO] OK: data/laringite/2610_laringite_u_n.wav
[INFO] OK: data/laringite/493_laringite_a_n.wav
[INFO] OK: data/laringite/493_laringite_i_n.wav
[INFO] OK: data/laringite/493_laringite_u_n.wav
[INFO] OK: data/laringite/497_laringite_a_n.wav
[INFO] OK: data/laringite/497_laringite_i_n.wav
[INFO] OK: data/laringite/497_laringite_u_n.wav
[INFO] OK: data/laringite/498_laringite_a_n.wav
[INFO] OK: data/laringite/498_laringite_i_n.wav
[INFO] OK: data/laringite/498_laringite_u_n.wav
[INFO] OK: data/laringite/563_laringite_a_n.wav
[INFO] OK: data/laringite/563_laringite_i_n.wav
[INFO] OK: data/laringite/563_laringite_u_n.wav
[INFO] OK: data/laringite/568_laringite_a_n.wav
[INFO] OK: data/laringite/568_laringite_i_n.wav
[INFO] OK: data/laringite/568_laringite_u_n.wav
[INFO] OK: data/laringite/715_laringite_a_n.wav
[INFO] OK: data/laringite/715_laringite_i_n.wav
[INFO] OK: data/laringite/715_laringite_u_n.wav
[INFO] OK: data/laringite/818_laringite_a_n.wav
[INFO] OK: data/laringite/818_laringite_i_n.wav
[INFO] OK: data/laringite/818_laringite_u_n.wav
[INFO] OK: data/laringite/819_laringite_a_n.wav
[INFO] OK: data/laringite/819_laringite_i_n.wav
[INFO] OK: data/laringite/819_laringite_u_n.wav
[INFO] OK: data/laringite/824_laringite_a_n.wav
[INFO] OK: data/laringite/824_laringite_i_n.wav
[INFO] OK: data/laringite/824_laringite_u_n.wav
[INFO] OK: data/laringite/828_laringite_a_n.wav
[INFO] OK: data/laringite/828_laringite_i_n.wav
[INFO] OK: data/laringite/828_laringite_u_n.wav
[INFO] OK: data/laringite/844_laringite_a_n.wav
[INFO] OK: data/laringite/844_laringite_i_n.wav
[INFO] OK: data/laringite/844_laringite_u_n.wav
[INFO] OK: data/laringite/871_laringite_a_n.wav
[INFO] OK: data/laringite/871_laringite_i_n.wav
[INFO] OK: data/laringite/871_laringite_u_n.wav
[INFO] OK: data/laringite/884_laringite_a_n.wav
[INFO] OK: data/laringite/884_laringite_i_n.wav
[INFO] OK: data/laringite/884_laringite_u_n.wav
[INFO] OK: data/laringite/886_laringite_a_n.wav
[INFO] OK: data/laringite/886_laringite_i_n.wav
[INFO] OK: data/laringite/886_laringite_u_n.wav
[INFO] OK: data/laringite/902_laringite_a_n.wav
[INFO] OK: data/laringite/902_laringite_i_n.wav
[INFO] OK: data/laringite/902_laringite_u_n.wav
[INFO] OK: data/laringite/904_laringite_a_n.wav
[INFO] OK: data/laringite/904_laringite_i_n.wav
[INFO] OK: data/laringite/904_laringite_u_n.wav
[INFO] OK: data/laringite/910_laringite_a_n.wav
[INFO] OK: data/laringite/910_laringite_i_n.wav
[INFO] OK: data/laringite/910_laringite_u_n.wav
[INFO] OK: data/laringite/918_laringite_a_n.wav
[INFO] OK: data/laringite/918_laringite_i_n.wav
[INFO] OK: data/laringite/918_laringite_u_n.wav
[INFO] OK: data/laringite/919_laringite_a_n.wav
[INFO] OK: data/laringite/919_laringite_i_n.wav
[INFO] OK: data/laringite/919_laringite_u_n.wav
[INFO] OK: data/laringite/930_laringite_a_n.wav
[INFO] OK: data/laringite/930_laringite_i_n.wav
[INFO] OK: data/laringite/930_laringite_u_n.wav
[INFO] OK: data/laringite/931_laringite_a_n.wav
[INFO] OK: data/laringite/931_laringite_i_n.wav
[INFO] OK: data/laringite/931_laringite_u_n.wav
[INFO] OK: data/laringite/935_laringite_a_n.wav
[INFO] OK: data/laringite/935_laringite_i_n.wav
[INFO] OK: data/laringite/935_laringite_u_n.wav
[INFO] OK: data/disfonia_funcional/1193_disfonia_funcional_a_n.wav
[INFO] OK: data/disfonia_funcional/1193_disfonia_funcional_i_n.wav
[INFO] OK: data/disfonia_funcional/1193_disfonia_funcional_u_n.wav
[INFO] OK: data/disfonia_funcional/1200_disfonia_funcional_a_n.wav
[INFO] OK: data/disfonia_funcional/1200_disfonia_funcional_i_n.wav
[INFO] OK: data/disfonia_funcional/1200_disfonia_funcional_u_n.wav
[INFO] OK: data/disfonia_funcional/1230_disfonia_funcional_a_n.wav
[INFO] OK: data/disfonia_funcional/1230_disfonia_funcional_i_n.wav
[INFO] OK: data/disfonia_funcional/1230_disfonia_funcional_u_n.wav
[INFO] OK: data/disfonia_funcional/1240_disfonia_funcional_a_n.wav
[INFO] OK: data/disfonia_funcional/1240_disfonia_funcional_i_n.wav
[INFO] OK: data/disfonia_funcional/1240_disfonia_funcional_u_n.wav
[INFO] OK: data/disfonia_funcional/1241_disfonia_funcional_a_n.wav
[INFO] OK: data/disfonia_funcional/1241_disfonia_funcional_i_n.wav
[INFO] OK: data/disfonia_funcional/1241_disfonia_funcional_u_n.wav
[INFO] OK: data/disfonia_funcional/1244_disfonia_funcional_a_n.wav
[INFO] OK: data/disfonia_funcional/1244_disfonia_funcional_i_n.wav
[INFO] OK: data/disfonia_funcional/1244_disfonia_funcional_u_n.wav
[INFO] OK: data/disfonia_funcional/1254_disfonia_funcional_a_n.wav
[INFO] OK: data/disfonia_funcional/1254_disfonia_funcional_i_n.wav
[INFO] OK: data/disfonia_funcional/1254_disfonia_funcional_u_n.wav
[INFO] OK: data/disfonia_funcional/1258_disfonia_funcional_a_n.wav
[INFO] OK: data/disfonia_funcional/1258_disfonia_funcional_i_n.wav
[INFO] OK: data/disfonia_funcional/1258_disfonia_funcional_u_n.wav
[INFO] OK: data/disfonia_funcional/1281_disfonia_funcional_a_n.wav
[INFO] OK: data/disfonia_funcional/1281_disfonia_funcional_i_n.wav
[INFO] OK: data/disfonia_funcional/1281_disfonia_funcional_u_n.wav
[INFO] OK: data/disfonia_funcional/1309_disfonia_funcional_a_n.wav
[INFO] OK: data/disfonia_funcional/1309_disfonia_funcional_i_n.wav
[INFO] OK: data/disfonia_funcional/1309_disfonia_funcional_u_n.wav
[INFO] OK: data/disfonia_funcional/1318_disfonia_funcional_a_n.wav
[INFO] OK: data/disfonia_funcional/1318_disfonia_funcional_i_n.wav
[INFO] OK: data/disfonia_funcional/1318_disfonia_funcional_u_n.wav
[INFO] OK: data/disfonia_funcional/1322_disfonia_funcional_a_n.wav
[INFO] OK: data/disfonia_funcional/1322_disfonia_funcional_i_n.wav
[INFO] OK: data/disfonia_funcional/1322_disfonia_funcional_u_n.wav
[INFO] OK: data/disfonia_funcional/1326_disfonia_funcional_a_n.wav
[INFO] OK: data/disfonia_funcional/1326_disfonia_funcional_i_n.wav
[INFO] OK: data/disfonia_funcional/1326_disfonia_funcional_u_n.wav
[INFO] OK: data/disfonia_funcional/1328_disfonia_funcional_a_n.wav
[INFO] OK: data/disfonia_funcional/1328_disfonia_funcional_i_n.wav
[INFO] OK: data/disfonia_funcional/1328_disfonia_funcional_u_n.wav
[INFO] OK: data/disfonia_funcional/1400_disfonia_funcional_a_n.wav
[INFO] OK: data/disfonia_funcional/1400_disfonia_funcional_i_n.wav
[INFO] OK: data/disfonia_funcional/1400_disfonia_funcional_u_n.wav
[INFO] OK: data/disfonia_funcional/1415_disfonia_funcional_a_n.wav
[INFO] OK: data/disfonia_funcional/1415_disfonia_funcional_i_n.wav
[INFO] OK: data/disfonia_funcional/1415_disfonia_funcional_u_n.wav
[INFO] OK: data/disfonia_funcional/1432_disfonia_funcional_a_n.wav
[INFO] OK: data/disfonia_funcional/1432_disfonia_funcional_i_n.wav
[INFO] OK: data/disfonia_funcional/1432_disfonia_funcional_u_n.wav
[INFO] OK: data/disfonia_funcional/1435_disfonia_funcional_a_n.wav
[INFO] OK: data/disfonia_funcional/1435_disfonia_funcional_i_n.wav
[INFO] OK: data/disfonia_funcional/1435_disfonia_funcional_u_n.wav
[INFO] OK: data/disfonia_funcional/1441_disfonia_funcional_a_n.wav
[INFO] OK: data/disfonia_funcional/1441_disfonia_funcional_i_n.wav
[INFO] OK: data/disfonia_funcional/1441_disfonia_funcional_u_n.wav
[INFO] OK: data/disfonia_funcional/1552_disfonia_funcional_a_n.wav
[INFO] OK: data/disfonia_funcional/1552_disfonia_funcional_i_n.wav
[INFO] OK: data/disfonia_funcional/1552_disfonia_funcional_u_n.wav
[INFO] OK: data/disfonia_funcional/1589_disfonia_funcional_a_n.wav
[INFO] OK: data/disfonia_funcional/1589_disfonia_funcional_i_n.wav
[INFO] OK: data/disfonia_funcional/1589_disfonia_funcional_u_n.wav
[INFO] OK: data/disfonia_funcional/1609_disfonia_funcional_a_n.wav
[INFO] OK: data/disfonia_funcional/1609_disfonia_funcional_i_n.wav
[INFO] OK: data/disfonia_funcional/1609_disfonia_funcional_u_n.wav
[INFO] OK: data/disfonia_funcional/1611_disfonia_funcional_a_n.wav
[INFO] OK: data/disfonia_funcional/1611_disfonia_funcional_i_n.wav
[INFO] OK: data/disfonia_funcional/1611_disfonia_funcional_u_n.wav
[INFO] OK: data/disfonia_funcional/1627_disfonia_funcional_a_n.wav
[INFO] OK: data/disfonia_funcional/1627_disfonia_funcional_i_n.wav
[INFO] OK: data/disfonia_funcional/1627_disfonia_funcional_u_n.wav
[INFO] OK: data/disfonia_funcional/1640_disfonia_funcional_a_n.wav
[INFO] OK: data/disfonia_funcional/1640_disfonia_funcional_i_n.wav
[INFO] OK: data/disfonia_funcional/1640_disfonia_funcional_u_n.wav
[INFO] OK: data/disfonia_funcional/1642_disfonia_funcional_a_n.wav
[INFO] OK: data/disfonia_funcional/1642_disfonia_funcional_i_n.wav
[INFO] OK: data/disfonia_funcional/1642_disfonia_funcional_u_n.wav
[INFO] OK: data/disfonia_funcional/1645_disfonia_funcional_a_n.wav
[INFO] OK: data/disfonia_funcional/1645_disfonia_funcional_i_n.wav
[INFO] OK: data/disfonia_funcional/1645_disfonia_funcional_u_n.wav
[INFO] OK: data/disfonia_funcional/1659_disfonia_funcional_a_n.wav
[INFO] OK: data/disfonia_funcional/1659_disfonia_funcional_i_n.wav
[INFO] OK: data/disfonia_funcional/1659_disfonia_funcional_u_n.wav
[INFO] OK: data/disfonia_funcional/1680_disfonia_funcional_a_n.wav
[INFO] OK: data/disfonia_funcional/1680_disfonia_funcional_i_n.wav
[INFO] OK: data/disfonia_funcional/1680_disfonia_funcional_u_n.wav
[INFO] OK: data/disfonia_funcional/1681_disfonia_funcional_a_n.wav
[INFO] OK: data/disfonia_funcional/1681_disfonia_funcional_i_n.wav
[INFO] OK: data/disfonia_funcional/1681_disfonia_funcional_u_n.wav
[INFO] OK: data/disfonia_funcional/1685_disfonia_funcional_a_n.wav
[INFO] OK: data/disfonia_funcional/1685_disfonia_funcional_i_n.wav
[INFO] OK: data/disfonia_funcional/1685_disfonia_funcional_u_n.wav
[INFO] OK: data/disfonia_funcional/1688_disfonia_funcional_a_n.wav
[INFO] OK: data/disfonia_funcional/1688_disfonia_funcional_i_n.wav
[INFO] OK: data/disfonia_funcional/1688_disfonia_funcional_u_n.wav
[INFO] OK: data/disfonia_funcional/1694_disfonia_funcional_a_n.wav
[INFO] OK: data/disfonia_funcional/1694_disfonia_funcional_i_n.wav
[INFO] OK: data/disfonia_funcional/1694_disfonia_funcional_u_n.wav
[INFO] OK: data/disfonia_funcional/1742_disfonia_funcional_a_n.wav
[INFO] OK: data/disfonia_funcional/1742_disfonia_funcional_i_n.wav
[INFO] OK: data/disfonia_funcional/1742_disfonia_funcional_u_n.wav
[INFO] OK: data/disfonia_funcional/1798_disfonia_funcional_a_n.wav
[INFO] OK: data/disfonia_funcional/1798_disfonia_funcional_i_n.wav
[INFO] OK: data/disfonia_funcional/1798_disfonia_funcional_u_n.wav
[INFO] OK: data/disfonia_funcional/1801_disfonia_funcional_a_n.wav
[INFO] OK: data/disfonia_funcional/1801_disfonia_funcional_i_n.wav
[INFO] OK: data/disfonia_funcional/1801_disfonia_funcional_u_n.wav
[INFO] OK: data/disfonia_funcional/1824_disfonia_funcional_a_n.wav
[INFO] OK: data/disfonia_funcional/1824_disfonia_funcional_i_n.wav
[INFO] OK: data/disfonia_funcional/1824_disfonia_funcional_u_n.wav
[INFO] OK: data/disfonia_funcional/1827_disfonia_funcional_a_n.wav
[INFO] OK: data/disfonia_funcional/1827_disfonia_funcional_i_n.wav
[INFO] OK: data/disfonia_funcional/1827_disfonia_funcional_u_n.wav
[INFO] OK: data/disfonia_funcional/1862_disfonia_funcional_a_n.wav
[INFO] OK: data/disfonia_funcional/1862_disfonia_funcional_i_n.wav
[INFO] OK: data/disfonia_funcional/1862_disfonia_funcional_u_n.wav
[INFO] OK: data/disfonia_funcional/1899_disfonia_funcional_a_n.wav
[INFO] OK: data/disfonia_funcional/1899_disfonia_funcional_i_n.wav
[INFO] OK: data/disfonia_funcional/1899_disfonia_funcional_u_n.wav
[INFO] OK: data/disfonia_funcional/1935_disfonia_funcional_a_n.wav
[INFO] OK: data/disfonia_funcional/1935_disfonia_funcional_i_n.wav
[INFO] OK: data/disfonia_funcional/1935_disfonia_funcional_u_n.wav
[INFO] OK: data/disfonia_funcional/1936_disfonia_funcional_a_n.wav
[INFO] OK: data/disfonia_funcional/1936_disfonia_funcional_i_n.wav
[INFO] OK: data/disfonia_funcional/1936_disfonia_funcional_u_n.wav
[INFO] OK: data/disfonia_funcional/1958_disfonia_funcional_a_n.wav
[INFO] OK: data/disfonia_funcional/1958_disfonia_funcional_i_n.wav
[INFO] OK: data/disfonia_funcional/1958_disfonia_funcional_u_n.wav
[INFO] OK: data/disfonia_funcional/1966_disfonia_funcional_a_n.wav
[INFO] OK: data/disfonia_funcional/1966_disfonia_funcional_i_n.wav
[INFO] OK: data/disfonia_funcional/1966_disfonia_funcional_u_n.wav
[INFO] OK: data/disfonia_funcional/1977_disfonia_funcional_a_n.wav
[INFO] OK: data/disfonia_funcional/1977_disfonia_funcional_i_n.wav
[INFO] OK: data/disfonia_funcional/1977_disfonia_funcional_u_n.wav
[INFO] OK: data/disfonia_funcional/2006_disfonia_funcional_a_n.wav
[INFO] OK: data/disfonia_funcional/2006_disfonia_funcional_i_n.wav
[INFO] OK: data/disfonia_funcional/2006_disfonia_funcional_u_n.wav
[INFO] OK: data/disfonia_funcional/2112_disfonia_funcional_a_n.wav
[INFO] OK: data/disfonia_funcional/2112_disfonia_funcional_i_n.wav
[INFO] OK: data/disfonia_funcional/2112_disfonia_funcional_u_n.wav
[INFO] OK: data/disfonia_funcional/2123_disfonia_funcional_a_n.wav
[INFO] OK: data/disfonia_funcional/2123_disfonia_funcional_i_n.wav
[INFO] OK: data/disfonia_funcional/2123_disfonia_funcional_u_n.wav
[INFO] OK: data/disfonia_funcional/2231_disfonia_funcional_a_n.wav
[INFO] OK: data/disfonia_funcional/2231_disfonia_funcional_i_n.wav
[INFO] OK: data/disfonia_funcional/2231_disfonia_funcional_u_n.wav
[INFO] OK: data/disfonia_funcional/2265_disfonia_funcional_a_n.wav
[INFO] OK: data/disfonia_funcional/2265_disfonia_funcional_i_n.wav
[INFO] OK: data/disfonia_funcional/2265_disfonia_funcional_u_n.wav
[INFO] OK: data/disfonia_funcional/2267_disfonia_funcional_a_n.wav
[INFO] OK: data/disfonia_funcional/2267_disfonia_funcional_i_n.wav
[INFO] OK: data/disfonia_funcional/2267_disfonia_funcional_u_n.wav
[INFO] OK: data/disfonia_funcional/2290_disfonia_funcional_a_n.wav
[INFO] OK: data/disfonia_funcional/2290_disfonia_funcional_i_n.wav
[INFO] OK: data/disfonia_funcional/2290_disfonia_funcional_u_n.wav
[INFO] OK: data/disfonia_funcional/2297_disfonia_funcional_a_n.wav
[INFO] OK: data/disfonia_funcional/2297_disfonia_funcional_i_n.wav
[INFO] OK: data/disfonia_funcional/2297_disfonia_funcional_u_n.wav
[INFO] OK: data/disfonia_funcional/2302_disfonia_funcional_a_n.wav
[INFO] OK: data/disfonia_funcional/2302_disfonia_funcional_i_n.wav
[INFO] OK: data/disfonia_funcional/2302_disfonia_funcional_u_n.wav
[INFO] OK: data/disfonia_funcional/2303_disfonia_funcional_a_n.wav
[INFO] OK: data/disfonia_funcional/2303_disfonia_funcional_i_n.wav
[INFO] OK: data/disfonia_funcional/2303_disfonia_funcional_u_n.wav
[INFO] OK: data/disfonia_funcional/2308_disfonia_funcional_a_n.wav
[INFO] OK: data/disfonia_funcional/2308_disfonia_funcional_i_n.wav
[INFO] OK: data/disfonia_funcional/2308_disfonia_funcional_u_n.wav
[INFO] OK: data/disfonia_funcional/2310_disfonia_funcional_a_n.wav
[INFO] OK: data/disfonia_funcional/2310_disfonia_funcional_i_n.wav
[INFO] OK: data/disfonia_funcional/2310_disfonia_funcional_u_n.wav
[INFO] OK: data/disfonia_funcional/2312_disfonia_funcional_a_n.wav
[INFO] OK: data/disfonia_funcional/2312_disfonia_funcional_i_n.wav
[INFO] OK: data/disfonia_funcional/2312_disfonia_funcional_u_n.wav
[INFO] OK: data/disfonia_funcional/2313_disfonia_funcional_a_n.wav
[INFO] OK: data/disfonia_funcional/2313_disfonia_funcional_i_n.wav
[INFO] OK: data/disfonia_funcional/2313_disfonia_funcional_u_n.wav
[INFO] OK: data/disfonia_funcional/2314_disfonia_funcional_a_n.wav
[INFO] OK: data/disfonia_funcional/2314_disfonia_funcional_i_n.wav
[INFO] OK: data/disfonia_funcional/2314_disfonia_funcional_u_n.wav
[INFO] OK: data/disfonia_funcional/2318_disfonia_funcional_a_n.wav
[INFO] OK: data/disfonia_funcional/2318_disfonia_funcional_i_n.wav
[INFO] OK: data/disfonia_funcional/2318_disfonia_funcional_u_n.wav
[INFO] OK: data/disfonia_funcional/2327_disfonia_funcional_a_n.wav
[INFO] OK: data/disfonia_funcional/2327_disfonia_funcional_i_n.wav
[INFO] OK: data/disfonia_funcional/2327_disfonia_funcional_u_n.wav
[INFO] OK: data/disfonia_funcional/2336_disfonia_funcional_a_n.wav
[INFO] OK: data/disfonia_funcional/2336_disfonia_funcional_i_n.wav
[INFO] OK: data/disfonia_funcional/2336_disfonia_funcional_u_n.wav
[INFO] OK: data/disfonia_funcional/2340_disfonia_funcional_a_n.wav
[INFO] OK: data/disfonia_funcional/2340_disfonia_funcional_i_n.wav
[INFO] OK: data/disfonia_funcional/2340_disfonia_funcional_u_n.wav
[INFO] OK: data/disfonia_funcional/2357_disfonia_funcional_a_n.wav
[INFO] OK: data/disfonia_funcional/2357_disfonia_funcional_i_n.wav
[INFO] OK: data/disfonia_funcional/2357_disfonia_funcional_u_n.wav
[INFO] OK: data/disfonia_funcional/2359_disfonia_funcional_a_n.wav
[INFO] OK: data/disfonia_funcional/2359_disfonia_funcional_i_n.wav
[INFO] OK: data/disfonia_funcional/2359_disfonia_funcional_u_n.wav
[INFO] OK: data/disfonia_funcional/2360_disfonia_funcional_a_n.wav
[INFO] OK: data/disfonia_funcional/2360_disfonia_funcional_i_n.wav
[INFO] OK: data/disfonia_funcional/2360_disfonia_funcional_u_n.wav
[INFO] OK: data/disfonia_funcional/2365_disfonia_funcional_a_n.wav
[INFO] OK: data/disfonia_funcional/2365_disfonia_funcional_i_n.wav
[INFO] OK: data/disfonia_funcional/2365_disfonia_funcional_u_n.wav
[INFO] OK: data/disfonia_funcional/2367_disfonia_funcional_a_n.wav
[INFO] OK: data/disfonia_funcional/2367_disfonia_funcional_i_n.wav
[INFO] OK: data/disfonia_funcional/2367_disfonia_funcional_u_n.wav
[INFO] OK: data/disfonia_funcional/2382_disfonia_funcional_a_n.wav
[INFO] OK: data/disfonia_funcional/2382_disfonia_funcional_i_n.wav
[INFO] OK: data/disfonia_funcional/2382_disfonia_funcional_u_n.wav
[INFO] OK: data/disfonia_funcional/2410_disfonia_funcional_a_n.wav
[INFO] OK: data/disfonia_funcional/2410_disfonia_funcional_i_n.wav
[INFO] OK: data/disfonia_funcional/2410_disfonia_funcional_u_n.wav
[INFO] OK: data/disfonia_funcional/2413_disfonia_funcional_a_n.wav
[INFO] OK: data/disfonia_funcional/2413_disfonia_funcional_i_n.wav
[INFO] OK: data/disfonia_funcional/2413_disfonia_funcional_u_n.wav
[INFO] OK: data/disfonia_funcional/2416_disfonia_funcional_a_n.wav
[INFO] OK: data/disfonia_funcional/2416_disfonia_funcional_i_n.wav
[INFO] OK: data/disfonia_funcional/2416_disfonia_funcional_u_n.wav
[INFO] OK: data/disfonia_funcional/2417_disfonia_funcional_a_n.wav
[INFO] OK: data/disfonia_funcional/2417_disfonia_funcional_i_n.wav
[INFO] OK: data/disfonia_funcional/2417_disfonia_funcional_u_n.wav
[INFO] OK: data/disfonia_funcional/2419_disfonia_funcional_a_n.wav
[INFO] OK: data/disfonia_funcional/2419_disfonia_funcional_i_n.wav
[INFO] OK: data/disfonia_funcional/2419_disfonia_funcional_u_n.wav
[INFO] OK: data/disfonia_funcional/2427_disfonia_funcional_a_n.wav
[INFO] OK: data/disfonia_funcional/2427_disfonia_funcional_i_n.wav
[INFO] OK: data/disfonia_funcional/2427_disfonia_funcional_u_n.wav
[INFO] OK: data/disfonia_funcional/2429_disfonia_funcional_a_n.wav
[INFO] OK: data/disfonia_funcional/2429_disfonia_funcional_i_n.wav
[INFO] OK: data/disfonia_funcional/2429_disfonia_funcional_u_n.wav
[INFO] OK: data/disfonia_funcional/2431_disfonia_funcional_a_n.wav
[INFO] OK: data/disfonia_funcional/2431_disfonia_funcional_i_n.wav
[INFO] OK: data/disfonia_funcional/2431_disfonia_funcional_u_n.wav
[INFO] OK: data/disfonia_funcional/2432_disfonia_funcional_a_n.wav
[INFO] OK: data/disfonia_funcional/2432_disfonia_funcional_i_n.wav
[INFO] OK: data/disfonia_funcional/2432_disfonia_funcional_u_n.wav
[INFO] OK: data/disfonia_funcional/2442_disfonia_funcional_a_n.wav
[INFO] OK: data/disfonia_funcional/2442_disfonia_funcional_i_n.wav
[INFO] OK: data/disfonia_funcional/2442_disfonia_funcional_u_n.wav
[INFO] OK: data/disfonia_funcional/2444_disfonia_funcional_a_n.wav
[INFO] OK: data/disfonia_funcional/2444_disfonia_funcional_i_n.wav
[INFO] OK: data/disfonia_funcional/2444_disfonia_funcional_u_n.wav
[INFO] OK: data/disfonia_funcional/2445_disfonia_funcional_a_n.wav
[INFO] OK: data/disfonia_funcional/2445_disfonia_funcional_i_n.wav
[INFO] OK: data/disfonia_funcional/2445_disfonia_funcional_u_n.wav
[INFO] OK: data/disfonia_funcional/2446_disfonia_funcional_a_n.wav
[INFO] OK: data/disfonia_funcional/2446_disfonia_funcional_i_n.wav
[INFO] OK: data/disfonia_funcional/2446_disfonia_funcional_u_n.wav
[INFO] OK: data/disfonia_funcional/2448_disfonia_funcional_a_n.wav
[INFO] OK: data/disfonia_funcional/2448_disfonia_funcional_i_n.wav
[INFO] OK: data/disfonia_funcional/2448_disfonia_funcional_u_n.wav
[INFO] OK: data/disfonia_funcional/2457_disfonia_funcional_a_n.wav
[INFO] OK: data/disfonia_funcional/2457_disfonia_funcional_i_n.wav
[INFO] OK: data/disfonia_funcional/2457_disfonia_funcional_u_n.wav
[INFO] OK: data/disfonia_funcional/2459_disfonia_funcional_a_n.wav
[INFO] OK: data/disfonia_funcional/2459_disfonia_funcional_i_n.wav
[INFO] OK: data/disfonia_funcional/2459_disfonia_funcional_u_n.wav
[INFO] OK: data/disfonia_funcional/2477_disfonia_funcional_a_n.wav
[INFO] OK: data/disfonia_funcional/2477_disfonia_funcional_i_n.wav
[INFO] OK: data/disfonia_funcional/2477_disfonia_funcional_u_n.wav
[INFO] OK: data/disfonia_funcional/2481_disfonia_funcional_a_n.wav
[INFO] OK: data/disfonia_funcional/2481_disfonia_funcional_i_n.wav
[INFO] OK: data/disfonia_funcional/2481_disfonia_funcional_u_n.wav
[INFO] OK: data/disfonia_funcional/2483_disfonia_funcional_a_n.wav
[INFO] OK: data/disfonia_funcional/2483_disfonia_funcional_i_n.wav
[INFO] OK: data/disfonia_funcional/2483_disfonia_funcional_u_n.wav
[INFO] OK: data/disfonia_funcional/2497_disfonia_funcional_a_n.wav
[INFO] OK: data/disfonia_funcional/2497_disfonia_funcional_i_n.wav
[INFO] OK: data/disfonia_funcional/2497_disfonia_funcional_u_n.wav
[INFO] OK: data/disfonia_funcional/2499_disfonia_funcional_a_n.wav
[INFO] OK: data/disfonia_funcional/2499_disfonia_funcional_i_n.wav
[INFO] OK: data/disfonia_funcional/2499_disfonia_funcional_u_n.wav
[INFO] OK: data/disfonia_funcional/2502_disfonia_funcional_a_n.wav
[INFO] OK: data/disfonia_funcional/2502_disfonia_funcional_i_n.wav
[INFO] OK: data/disfonia_funcional/2502_disfonia_funcional_u_n.wav
[INFO] OK: data/disfonia_funcional/2504_disfonia_funcional_a_n.wav
[INFO] OK: data/disfonia_funcional/2504_disfonia_funcional_i_n.wav
[INFO] OK: data/disfonia_funcional/2504_disfonia_funcional_u_n.wav
[INFO] OK: data/disfonia_funcional/2505_disfonia_funcional_a_n.wav
[INFO] OK: data/disfonia_funcional/2505_disfonia_funcional_i_n.wav
[INFO] OK: data/disfonia_funcional/2505_disfonia_funcional_u_n.wav
[INFO] OK: data/disfonia_funcional/2506_disfonia_funcional_a_n.wav
[INFO] OK: data/disfonia_funcional/2506_disfonia_funcional_i_n.wav
[INFO] OK: data/disfonia_funcional/2506_disfonia_funcional_u_n.wav
[INFO] OK: data/disfonia_funcional/2524_disfonia_funcional_a_n.wav
[INFO] OK: data/disfonia_funcional/2524_disfonia_funcional_i_n.wav
[INFO] OK: data/disfonia_funcional/2524_disfonia_funcional_u_n.wav
[INFO] OK: data/disfonia_funcional/2528_disfonia_funcional_a_n.wav
[INFO] OK: data/disfonia_funcional/2528_disfonia_funcional_i_n.wav
[INFO] OK: data/disfonia_funcional/2528_disfonia_funcional_u_n.wav
[INFO] OK: data/disfonia_funcional/2601_disfonia_funcional_a_n.wav
[INFO] OK: data/disfonia_funcional/2601_disfonia_funcional_i_n.wav
[INFO] OK: data/disfonia_funcional/2601_disfonia_funcional_u_n.wav
[INFO] OK: data/disfonia_funcional/350_disfonia_funcional_a_n.wav
[INFO] OK: data/disfonia_funcional/350_disfonia_funcional_i_n.wav
[INFO] OK: data/disfonia_funcional/350_disfonia_funcional_u_n.wav
[INFO] OK: data/disfonia_funcional/351_disfonia_funcional_a_n.wav
[INFO] OK: data/disfonia_funcional/351_disfonia_funcional_i_n.wav
[INFO] OK: data/disfonia_funcional/351_disfonia_funcional_u_n.wav
[INFO] OK: data/disfonia_funcional/631_disfonia_funcional_a_n.wav
[INFO] OK: data/disfonia_funcional/631_disfonia_funcional_i_n.wav
[INFO] OK: data/disfonia_funcional/631_disfonia_funcional_u_n.wav
[INFO] OK: data/disfonia_funcional/634_disfonia_funcional_a_n.wav
[INFO] OK: data/disfonia_funcional/634_disfonia_funcional_i_n.wav
[INFO] OK: data/disfonia_funcional/634_disfonia_funcional_u_n.wav
[INFO] OK: data/disfonia_funcional/718_disfonia_funcional_a_n.wav
[INFO] OK: data/disfonia_funcional/718_disfonia_funcional_i_n.wav
[INFO] OK: data/disfonia_funcional/718_disfonia_funcional_u_n.wav
[INFO] OK: data/disfonia_funcional/722_disfonia_funcional_a_n.wav
[INFO] OK: data/disfonia_funcional/722_disfonia_funcional_i_n.wav
[INFO] OK: data/disfonia_funcional/722_disfonia_funcional_u_n.wav
[INFO] OK: data/disfonia_funcional/723_disfonia_funcional_a_n.wav
[INFO] OK: data/disfonia_funcional/723_disfonia_funcional_i_n.wav
[INFO] OK: data/disfonia_funcional/723_disfonia_funcional_u_n.wav
[INFO] OK: data/disfonia_funcional/727_disfonia_funcional_a_n.wav
[INFO] OK: data/disfonia_funcional/727_disfonia_funcional_i_n.wav
[INFO] OK: data/disfonia_funcional/727_disfonia_funcional_u_n.wav
[INFO] OK: data/disfonia_funcional/729_disfonia_funcional_a_n.wav
[INFO] OK: data/disfonia_funcional/729_disfonia_funcional_i_n.wav
[INFO] OK: data/disfonia_funcional/729_disfonia_funcional_u_n.wav
[INFO] OK: data/disfonia_funcional/730_disfonia_funcional_a_n.wav
[INFO] OK: data/disfonia_funcional/730_disfonia_funcional_i_n.wav
[INFO] OK: data/disfonia_funcional/730_disfonia_funcional_u_n.wav
[INFO] OK: data/disfonia_funcional/851_disfonia_funcional_a_n.wav
[INFO] OK: data/disfonia_funcional/851_disfonia_funcional_i_n.wav
[INFO] OK: data/disfonia_funcional/851_disfonia_funcional_u_n.wav
[INFO] OK: data/disfonia_funcional/870_disfonia_funcional_a_n.wav
[INFO] OK: data/disfonia_funcional/870_disfonia_funcional_i_n.wav
[INFO] OK: data/disfonia_funcional/870_disfonia_funcional_u_n.wav
[INFO] OK: data/disfonia_funcional/878_disfonia_funcional_a_n.wav
[INFO] OK: data/disfonia_funcional/878_disfonia_funcional_i_n.wav
[INFO] OK: data/disfonia_funcional/878_disfonia_funcional_u_n.wav
[INFO] OK: data/disfonia_funcional/913_disfonia_funcional_a_n.wav
[INFO] OK: data/disfonia_funcional/913_disfonia_funcional_i_n.wav
[INFO] OK: data/disfonia_funcional/913_disfonia_funcional_u_n.wav
[INFO] OK: data/disfonia_psicogenica/1042_disfonia_psicogenica_a_n.wav
[INFO] OK: data/disfonia_psicogenica/1042_disfonia_psicogenica_i_n.wav
[INFO] OK: data/disfonia_psicogenica/1042_disfonia_psicogenica_u_n.wav
[INFO] OK: data/disfonia_psicogenica/1051_disfonia_psicogenica_a_n.wav
[INFO] OK: data/disfonia_psicogenica/1051_disfonia_psicogenica_i_n.wav
[INFO] OK: data/disfonia_psicogenica/1051_disfonia_psicogenica_u_n.wav
[INFO] OK: data/disfonia_psicogenica/1053_disfonia_psicogenica_a_n.wav
[INFO] OK: data/disfonia_psicogenica/1053_disfonia_psicogenica_i_n.wav
[INFO] OK: data/disfonia_psicogenica/1053_disfonia_psicogenica_u_n.wav
[INFO] OK: data/disfonia_psicogenica/1058_disfonia_psicogenica_a_n.wav
[INFO] OK: data/disfonia_psicogenica/1058_disfonia_psicogenica_i_n.wav
[INFO] OK: data/disfonia_psicogenica/1058_disfonia_psicogenica_u_n.wav
[INFO] OK: data/disfonia_psicogenica/1198_disfonia_psicogenica_a_n.wav
[INFO] OK: data/disfonia_psicogenica/1198_disfonia_psicogenica_i_n.wav
[INFO] OK: data/disfonia_psicogenica/1198_disfonia_psicogenica_u_n.wav
[INFO] OK: data/disfonia_psicogenica/1225_disfonia_psicogenica_a_n.wav
[INFO] OK: data/disfonia_psicogenica/1225_disfonia_psicogenica_i_n.wav
[INFO] OK: data/disfonia_psicogenica/1225_disfonia_psicogenica_u_n.wav
[INFO] OK: data/disfonia_psicogenica/1230_disfonia_psicogenica_a_n.wav
[INFO] OK: data/disfonia_psicogenica/1230_disfonia_psicogenica_i_n.wav
[INFO] OK: data/disfonia_psicogenica/1230_disfonia_psicogenica_u_n.wav
[INFO] OK: data/disfonia_psicogenica/1258_disfonia_psicogenica_a_n.wav
[INFO] OK: data/disfonia_psicogenica/1258_disfonia_psicogenica_i_n.wav
[INFO] OK: data/disfonia_psicogenica/1258_disfonia_psicogenica_u_n.wav
[INFO] OK: data/disfonia_psicogenica/1266_disfonia_psicogenica_a_n.wav
[INFO] OK: data/disfonia_psicogenica/1266_disfonia_psicogenica_i_n.wav
[INFO] OK: data/disfonia_psicogenica/1266_disfonia_psicogenica_u_n.wav
[INFO] OK: data/disfonia_psicogenica/1306_disfonia_psicogenica_a_n.wav
[INFO] OK: data/disfonia_psicogenica/1306_disfonia_psicogenica_i_n.wav
[INFO] OK: data/disfonia_psicogenica/1306_disfonia_psicogenica_u_n.wav
[INFO] OK: data/disfonia_psicogenica/1319_disfonia_psicogenica_a_n.wav
[INFO] OK: data/disfonia_psicogenica/1319_disfonia_psicogenica_i_n.wav
[INFO] OK: data/disfonia_psicogenica/1319_disfonia_psicogenica_u_n.wav
[INFO] OK: data/disfonia_psicogenica/1322_disfonia_psicogenica_a_n.wav
[INFO] OK: data/disfonia_psicogenica/1322_disfonia_psicogenica_i_n.wav
[INFO] OK: data/disfonia_psicogenica/1322_disfonia_psicogenica_u_n.wav
[INFO] OK: data/disfonia_psicogenica/1329_disfonia_psicogenica_a_n.wav
[INFO] OK: data/disfonia_psicogenica/1329_disfonia_psicogenica_i_n.wav
[INFO] OK: data/disfonia_psicogenica/1329_disfonia_psicogenica_u_n.wav
[INFO] OK: data/disfonia_psicogenica/1335_disfonia_psicogenica_a_n.wav
[INFO] OK: data/disfonia_psicogenica/1335_disfonia_psicogenica_i_n.wav
[INFO] OK: data/disfonia_psicogenica/1335_disfonia_psicogenica_u_n.wav
[INFO] OK: data/disfonia_psicogenica/1337_disfonia_psicogenica_a_n.wav
[INFO] OK: data/disfonia_psicogenica/1337_disfonia_psicogenica_i_n.wav
[INFO] OK: data/disfonia_psicogenica/1337_disfonia_psicogenica_u_n.wav
[INFO] OK: data/disfonia_psicogenica/1340_disfonia_psicogenica_a_n.wav
[INFO] OK: data/disfonia_psicogenica/1340_disfonia_psicogenica_i_n.wav
[INFO] OK: data/disfonia_psicogenica/1340_disfonia_psicogenica_u_n.wav
[INFO] OK: data/disfonia_psicogenica/1384_disfonia_psicogenica_a_n.wav
[INFO] OK: data/disfonia_psicogenica/1384_disfonia_psicogenica_i_n.wav
[INFO] OK: data/disfonia_psicogenica/1384_disfonia_psicogenica_u_n.wav
[INFO] OK: data/disfonia_psicogenica/1400_disfonia_psicogenica_a_n.wav
[INFO] OK: data/disfonia_psicogenica/1400_disfonia_psicogenica_i_n.wav
[INFO] OK: data/disfonia_psicogenica/1400_disfonia_psicogenica_u_n.wav
[INFO] OK: data/disfonia_psicogenica/1408_disfonia_psicogenica_a_n.wav
[INFO] OK: data/disfonia_psicogenica/1408_disfonia_psicogenica_i_n.wav
[INFO] OK: data/disfonia_psicogenica/1408_disfonia_psicogenica_u_n.wav
[INFO] OK: data/disfonia_psicogenica/1421_disfonia_psicogenica_a_n.wav
[INFO] OK: data/disfonia_psicogenica/1421_disfonia_psicogenica_i_n.wav
[INFO] OK: data/disfonia_psicogenica/1421_disfonia_psicogenica_u_n.wav
[INFO] OK: data/disfonia_psicogenica/1425_disfonia_psicogenica_a_n.wav
[INFO] OK: data/disfonia_psicogenica/1425_disfonia_psicogenica_i_n.wav
[INFO] OK: data/disfonia_psicogenica/1425_disfonia_psicogenica_u_n.wav
[INFO] OK: data/disfonia_psicogenica/1432_disfonia_psicogenica_a_n.wav
[INFO] OK: data/disfonia_psicogenica/1432_disfonia_psicogenica_i_n.wav
[INFO] OK: data/disfonia_psicogenica/1432_disfonia_psicogenica_u_n.wav
[INFO] OK: data/disfonia_psicogenica/1459_disfonia_psicogenica_a_n.wav
[INFO] OK: data/disfonia_psicogenica/1459_disfonia_psicogenica_i_n.wav
[INFO] OK: data/disfonia_psicogenica/1459_disfonia_psicogenica_u_n.wav
[INFO] OK: data/disfonia_psicogenica/1477_disfonia_psicogenica_a_n.wav
[INFO] OK: data/disfonia_psicogenica/1477_disfonia_psicogenica_i_n.wav
[INFO] OK: data/disfonia_psicogenica/1477_disfonia_psicogenica_u_n.wav
[INFO] OK: data/disfonia_psicogenica/1479_disfonia_psicogenica_a_n.wav
[INFO] OK: data/disfonia_psicogenica/1479_disfonia_psicogenica_i_n.wav
[INFO] OK: data/disfonia_psicogenica/1479_disfonia_psicogenica_u_n.wav
[INFO] OK: data/disfonia_psicogenica/151_disfonia_psicogenica_a_n.wav
[INFO] OK: data/disfonia_psicogenica/151_disfonia_psicogenica_i_n.wav
[INFO] OK: data/disfonia_psicogenica/151_disfonia_psicogenica_u_n.wav
[INFO] OK: data/disfonia_psicogenica/1566_disfonia_psicogenica_a_n.wav
[INFO] OK: data/disfonia_psicogenica/1566_disfonia_psicogenica_i_n.wav
[INFO] OK: data/disfonia_psicogenica/1566_disfonia_psicogenica_u_n.wav
[INFO] OK: data/disfonia_psicogenica/1568_disfonia_psicogenica_a_n.wav
[INFO] OK: data/disfonia_psicogenica/1568_disfonia_psicogenica_i_n.wav
[INFO] OK: data/disfonia_psicogenica/1568_disfonia_psicogenica_u_n.wav
[INFO] OK: data/disfonia_psicogenica/1593_disfonia_psicogenica_a_n.wav
[INFO] OK: data/disfonia_psicogenica/1593_disfonia_psicogenica_i_n.wav
[INFO] OK: data/disfonia_psicogenica/1593_disfonia_psicogenica_u_n.wav
[INFO] OK: data/disfonia_psicogenica/1661_disfonia_psicogenica_a_n.wav
[INFO] OK: data/disfonia_psicogenica/1661_disfonia_psicogenica_i_n.wav
[INFO] OK: data/disfonia_psicogenica/1661_disfonia_psicogenica_u_n.wav
[INFO] OK: data/disfonia_psicogenica/1663_disfonia_psicogenica_a_n.wav
[INFO] OK: data/disfonia_psicogenica/1663_disfonia_psicogenica_i_n.wav
[INFO] OK: data/disfonia_psicogenica/1663_disfonia_psicogenica_u_n.wav
[INFO] OK: data/disfonia_psicogenica/1673_disfonia_psicogenica_a_n.wav
[INFO] OK: data/disfonia_psicogenica/1673_disfonia_psicogenica_i_n.wav
[INFO] OK: data/disfonia_psicogenica/1673_disfonia_psicogenica_u_n.wav
[INFO] OK: data/disfonia_psicogenica/1675_disfonia_psicogenica_a_n.wav
[INFO] OK: data/disfonia_psicogenica/1675_disfonia_psicogenica_i_n.wav
[INFO] OK: data/disfonia_psicogenica/1675_disfonia_psicogenica_u_n.wav
[INFO] OK: data/disfonia_psicogenica/1690_disfonia_psicogenica_a_n.wav
[INFO] OK: data/disfonia_psicogenica/1690_disfonia_psicogenica_i_n.wav
[INFO] OK: data/disfonia_psicogenica/1690_disfonia_psicogenica_u_n.wav
[INFO] OK: data/disfonia_psicogenica/1744_disfonia_psicogenica_a_n.wav
[INFO] OK: data/disfonia_psicogenica/1744_disfonia_psicogenica_i_n.wav
[INFO] OK: data/disfonia_psicogenica/1744_disfonia_psicogenica_u_n.wav
[INFO] OK: data/disfonia_psicogenica/1767_disfonia_psicogenica_a_n.wav
[INFO] OK: data/disfonia_psicogenica/1767_disfonia_psicogenica_i_n.wav
[INFO] OK: data/disfonia_psicogenica/1767_disfonia_psicogenica_u_n.wav
[INFO] OK: data/disfonia_psicogenica/1787_disfonia_psicogenica_a_n.wav
[INFO] OK: data/disfonia_psicogenica/1787_disfonia_psicogenica_i_n.wav
[INFO] OK: data/disfonia_psicogenica/1787_disfonia_psicogenica_u_n.wav
[INFO] OK: data/disfonia_psicogenica/1868_disfonia_psicogenica_a_n.wav
[INFO] OK: data/disfonia_psicogenica/1868_disfonia_psicogenica_i_n.wav
[INFO] OK: data/disfonia_psicogenica/1868_disfonia_psicogenica_u_n.wav
[INFO] OK: data/disfonia_psicogenica/1891_disfonia_psicogenica_a_n.wav
[INFO] OK: data/disfonia_psicogenica/1891_disfonia_psicogenica_i_n.wav
[INFO] OK: data/disfonia_psicogenica/1891_disfonia_psicogenica_u_n.wav
[INFO] OK: data/disfonia_psicogenica/1900_disfonia_psicogenica_a_n.wav
[INFO] OK: data/disfonia_psicogenica/1900_disfonia_psicogenica_i_n.wav
[INFO] OK: data/disfonia_psicogenica/1900_disfonia_psicogenica_u_n.wav
[INFO] OK: data/disfonia_psicogenica/1904_disfonia_psicogenica_a_n.wav
[INFO] OK: data/disfonia_psicogenica/1904_disfonia_psicogenica_i_n.wav
[INFO] OK: data/disfonia_psicogenica/1904_disfonia_psicogenica_u_n.wav
[INFO] OK: data/disfonia_psicogenica/1910_disfonia_psicogenica_a_n.wav
[INFO] OK: data/disfonia_psicogenica/1910_disfonia_psicogenica_i_n.wav
[INFO] OK: data/disfonia_psicogenica/1910_disfonia_psicogenica_u_n.wav
[INFO] OK: data/disfonia_psicogenica/1928_disfonia_psicogenica_a_n.wav
[INFO] OK: data/disfonia_psicogenica/1928_disfonia_psicogenica_i_n.wav
[INFO] OK: data/disfonia_psicogenica/1928_disfonia_psicogenica_u_n.wav
[INFO] OK: data/disfonia_psicogenica/1931_disfonia_psicogenica_a_n.wav
[INFO] OK: data/disfonia_psicogenica/1931_disfonia_psicogenica_i_n.wav
[INFO] OK: data/disfonia_psicogenica/1931_disfonia_psicogenica_u_n.wav
[INFO] OK: data/disfonia_psicogenica/1951_disfonia_psicogenica_a_n.wav
[INFO] OK: data/disfonia_psicogenica/1951_disfonia_psicogenica_i_n.wav
[INFO] OK: data/disfonia_psicogenica/1951_disfonia_psicogenica_u_n.wav
[INFO] OK: data/disfonia_psicogenica/1958_disfonia_psicogenica_a_n.wav
[INFO] OK: data/disfonia_psicogenica/1958_disfonia_psicogenica_i_n.wav
[INFO] OK: data/disfonia_psicogenica/1958_disfonia_psicogenica_u_n.wav
[INFO] OK: data/disfonia_psicogenica/1959_disfonia_psicogenica_a_n.wav
[INFO] OK: data/disfonia_psicogenica/1959_disfonia_psicogenica_i_n.wav
[INFO] OK: data/disfonia_psicogenica/1959_disfonia_psicogenica_u_n.wav
[INFO] OK: data/disfonia_psicogenica/1964_disfonia_psicogenica_a_n.wav
[INFO] OK: data/disfonia_psicogenica/1964_disfonia_psicogenica_i_n.wav
[INFO] OK: data/disfonia_psicogenica/1964_disfonia_psicogenica_u_n.wav
[INFO] OK: data/disfonia_psicogenica/1988_disfonia_psicogenica_a_n.wav
[INFO] OK: data/disfonia_psicogenica/1988_disfonia_psicogenica_i_n.wav
[INFO] OK: data/disfonia_psicogenica/1988_disfonia_psicogenica_u_n.wav
[INFO] OK: data/disfonia_psicogenica/1989_disfonia_psicogenica_a_n.wav
[INFO] OK: data/disfonia_psicogenica/1989_disfonia_psicogenica_i_n.wav
[INFO] OK: data/disfonia_psicogenica/1989_disfonia_psicogenica_u_n.wav
[INFO] OK: data/disfonia_psicogenica/2025_disfonia_psicogenica_a_n.wav
[INFO] OK: data/disfonia_psicogenica/2025_disfonia_psicogenica_i_n.wav
[INFO] OK: data/disfonia_psicogenica/2025_disfonia_psicogenica_u_n.wav
[INFO] OK: data/disfonia_psicogenica/2074_disfonia_psicogenica_a_n.wav
[INFO] OK: data/disfonia_psicogenica/2074_disfonia_psicogenica_i_n.wav
[INFO] OK: data/disfonia_psicogenica/2074_disfonia_psicogenica_u_n.wav
[INFO] OK: data/disfonia_psicogenica/2085_disfonia_psicogenica_a_n.wav
[INFO] OK: data/disfonia_psicogenica/2085_disfonia_psicogenica_i_n.wav
[INFO] OK: data/disfonia_psicogenica/2085_disfonia_psicogenica_u_n.wav
[INFO] OK: data/disfonia_psicogenica/2104_disfonia_psicogenica_a_n.wav
[INFO] OK: data/disfonia_psicogenica/2104_disfonia_psicogenica_i_n.wav
[INFO] OK: data/disfonia_psicogenica/2104_disfonia_psicogenica_u_n.wav
[INFO] OK: data/disfonia_psicogenica/2107_disfonia_psicogenica_a_n.wav
[INFO] OK: data/disfonia_psicogenica/2107_disfonia_psicogenica_i_n.wav
[INFO] OK: data/disfonia_psicogenica/2107_disfonia_psicogenica_u_n.wav
[INFO] OK: data/disfonia_psicogenica/2112_disfonia_psicogenica_a_n.wav
[INFO] OK: data/disfonia_psicogenica/2112_disfonia_psicogenica_i_n.wav
[INFO] OK: data/disfonia_psicogenica/2112_disfonia_psicogenica_u_n.wav
[INFO] OK: data/disfonia_psicogenica/2123_disfonia_psicogenica_a_n.wav
[INFO] OK: data/disfonia_psicogenica/2123_disfonia_psicogenica_i_n.wav
[INFO] OK: data/disfonia_psicogenica/2123_disfonia_psicogenica_u_n.wav
[INFO] OK: data/disfonia_psicogenica/2134_disfonia_psicogenica_a_n.wav
[INFO] OK: data/disfonia_psicogenica/2134_disfonia_psicogenica_i_n.wav
[INFO] OK: data/disfonia_psicogenica/2134_disfonia_psicogenica_u_n.wav
[INFO] OK: data/disfonia_psicogenica/2213_disfonia_psicogenica_a_n.wav
[INFO] OK: data/disfonia_psicogenica/2213_disfonia_psicogenica_i_n.wav
[INFO] OK: data/disfonia_psicogenica/2213_disfonia_psicogenica_u_n.wav
[INFO] OK: data/disfonia_psicogenica/2246_disfonia_psicogenica_a_n.wav
[INFO] OK: data/disfonia_psicogenica/2246_disfonia_psicogenica_i_n.wav
[INFO] OK: data/disfonia_psicogenica/2246_disfonia_psicogenica_u_n.wav
[INFO] OK: data/disfonia_psicogenica/2275_disfonia_psicogenica_a_n.wav
[INFO] OK: data/disfonia_psicogenica/2275_disfonia_psicogenica_i_n.wav
[INFO] OK: data/disfonia_psicogenica/2275_disfonia_psicogenica_u_n.wav
[INFO] OK: data/disfonia_psicogenica/2302_disfonia_psicogenica_a_n.wav
[INFO] OK: data/disfonia_psicogenica/2302_disfonia_psicogenica_i_n.wav
[INFO] OK: data/disfonia_psicogenica/2302_disfonia_psicogenica_u_n.wav
[INFO] OK: data/disfonia_psicogenica/2310_disfonia_psicogenica_a_n.wav
[INFO] OK: data/disfonia_psicogenica/2310_disfonia_psicogenica_i_n.wav
[INFO] OK: data/disfonia_psicogenica/2310_disfonia_psicogenica_u_n.wav
[INFO] OK: data/disfonia_psicogenica/2312_disfonia_psicogenica_a_n.wav
[INFO] OK: data/disfonia_psicogenica/2312_disfonia_psicogenica_i_n.wav
[INFO] OK: data/disfonia_psicogenica/2312_disfonia_psicogenica_u_n.wav
[INFO] OK: data/disfonia_psicogenica/2316_disfonia_psicogenica_a_n.wav
[INFO] OK: data/disfonia_psicogenica/2316_disfonia_psicogenica_i_n.wav
[INFO] OK: data/disfonia_psicogenica/2316_disfonia_psicogenica_u_n.wav
[INFO] OK: data/disfonia_psicogenica/2317_disfonia_psicogenica_a_n.wav
[INFO] OK: data/disfonia_psicogenica/2317_disfonia_psicogenica_i_n.wav
[INFO] OK: data/disfonia_psicogenica/2317_disfonia_psicogenica_u_n.wav
[INFO] OK: data/disfonia_psicogenica/2336_disfonia_psicogenica_a_n.wav
[INFO] OK: data/disfonia_psicogenica/2336_disfonia_psicogenica_i_n.wav
[INFO] OK: data/disfonia_psicogenica/2336_disfonia_psicogenica_u_n.wav
[INFO] OK: data/disfonia_psicogenica/2337_disfonia_psicogenica_a_n.wav
[INFO] OK: data/disfonia_psicogenica/2337_disfonia_psicogenica_i_n.wav
[INFO] OK: data/disfonia_psicogenica/2337_disfonia_psicogenica_u_n.wav
[INFO] OK: data/disfonia_psicogenica/2339_disfonia_psicogenica_a_n.wav
[INFO] OK: data/disfonia_psicogenica/2339_disfonia_psicogenica_i_n.wav
[INFO] OK: data/disfonia_psicogenica/2339_disfonia_psicogenica_u_n.wav
[INFO] OK: data/disfonia_psicogenica/2372_disfonia_psicogenica_a_n.wav
[INFO] OK: data/disfonia_psicogenica/2372_disfonia_psicogenica_i_n.wav
[INFO] OK: data/disfonia_psicogenica/2372_disfonia_psicogenica_u_n.wav
[INFO] OK: data/disfonia_psicogenica/2431_disfonia_psicogenica_a_n.wav
[INFO] OK: data/disfonia_psicogenica/2431_disfonia_psicogenica_i_n.wav
[INFO] OK: data/disfonia_psicogenica/2431_disfonia_psicogenica_u_n.wav
[INFO] OK: data/disfonia_psicogenica/2433_disfonia_psicogenica_a_n.wav
[INFO] OK: data/disfonia_psicogenica/2433_disfonia_psicogenica_i_n.wav
[INFO] OK: data/disfonia_psicogenica/2433_disfonia_psicogenica_u_n.wav
[INFO] OK: data/disfonia_psicogenica/2441_disfonia_psicogenica_a_n.wav
[INFO] OK: data/disfonia_psicogenica/2441_disfonia_psicogenica_i_n.wav
[INFO] OK: data/disfonia_psicogenica/2441_disfonia_psicogenica_u_n.wav
[INFO] OK: data/disfonia_psicogenica/2452_disfonia_psicogenica_a_n.wav
[INFO] OK: data/disfonia_psicogenica/2452_disfonia_psicogenica_i_n.wav
[INFO] OK: data/disfonia_psicogenica/2452_disfonia_psicogenica_u_n.wav
[INFO] OK: data/disfonia_psicogenica/2489_disfonia_psicogenica_a_n.wav
[INFO] OK: data/disfonia_psicogenica/2489_disfonia_psicogenica_i_n.wav
[INFO] OK: data/disfonia_psicogenica/2489_disfonia_psicogenica_u_n.wav
[INFO] OK: data/disfonia_psicogenica/2517_disfonia_psicogenica_a_n.wav
[INFO] OK: data/disfonia_psicogenica/2517_disfonia_psicogenica_i_n.wav
[INFO] OK: data/disfonia_psicogenica/2517_disfonia_psicogenica_u_n.wav
[INFO] OK: data/disfonia_psicogenica/2520_disfonia_psicogenica_a_n.wav
[INFO] OK: data/disfonia_psicogenica/2520_disfonia_psicogenica_i_n.wav
[INFO] OK: data/disfonia_psicogenica/2520_disfonia_psicogenica_u_n.wav
[INFO] OK: data/disfonia_psicogenica/2526_disfonia_psicogenica_a_n.wav
[INFO] OK: data/disfonia_psicogenica/2526_disfonia_psicogenica_i_n.wav
[INFO] OK: data/disfonia_psicogenica/2526_disfonia_psicogenica_u_n.wav
[INFO] OK: data/disfonia_psicogenica/2528_disfonia_psicogenica_a_n.wav
[INFO] OK: data/disfonia_psicogenica/2528_disfonia_psicogenica_i_n.wav
[INFO] OK: data/disfonia_psicogenica/2528_disfonia_psicogenica_u_n.wav
[INFO] OK: data/disfonia_psicogenica/2533_disfonia_psicogenica_a_n.wav
[INFO] OK: data/disfonia_psicogenica/2533_disfonia_psicogenica_i_n.wav
[INFO] OK: data/disfonia_psicogenica/2533_disfonia_psicogenica_u_n.wav
[INFO] OK: data/disfonia_psicogenica/2534_disfonia_psicogenica_a_n.wav
[INFO] OK: data/disfonia_psicogenica/2534_disfonia_psicogenica_i_n.wav
[INFO] OK: data/disfonia_psicogenica/2534_disfonia_psicogenica_u_n.wav
[INFO] OK: data/disfonia_psicogenica/2535_disfonia_psicogenica_a_n.wav
[INFO] OK: data/disfonia_psicogenica/2535_disfonia_psicogenica_i_n.wav
[INFO] OK: data/disfonia_psicogenica/2535_disfonia_psicogenica_u_n.wav
[INFO] OK: data/disfonia_psicogenica/2577_disfonia_psicogenica_a_n.wav
[INFO] OK: data/disfonia_psicogenica/2577_disfonia_psicogenica_i_n.wav
[INFO] OK: data/disfonia_psicogenica/2577_disfonia_psicogenica_u_n.wav
[INFO] OK: data/disfonia_psicogenica/366_disfonia_psicogenica_a_n.wav
[INFO] OK: data/disfonia_psicogenica/366_disfonia_psicogenica_i_n.wav
[INFO] OK: data/disfonia_psicogenica/366_disfonia_psicogenica_u_n.wav
[INFO] OK: data/disfonia_psicogenica/741_disfonia_psicogenica_a_n.wav
[INFO] OK: data/disfonia_psicogenica/741_disfonia_psicogenica_i_n.wav
[INFO] OK: data/disfonia_psicogenica/741_disfonia_psicogenica_u_n.wav
[INFO] OK: data/disfonia_psicogenica/823_disfonia_psicogenica_a_n.wav
[INFO] OK: data/disfonia_psicogenica/823_disfonia_psicogenica_i_n.wav
[INFO] OK: data/disfonia_psicogenica/823_disfonia_psicogenica_u_n.wav
[INFO] OK: data/disfonia_psicogenica/848_disfonia_psicogenica_a_n.wav
[INFO] OK: data/disfonia_psicogenica/848_disfonia_psicogenica_i_n.wav
[INFO] OK: data/disfonia_psicogenica/848_disfonia_psicogenica_u_n.wav
[INFO] OK: data/disfonia_psicogenica/877_disfonia_psicogenica_a_n.wav
[INFO] OK: data/disfonia_psicogenica/877_disfonia_psicogenica_i_n.wav
[INFO] OK: data/disfonia_psicogenica/877_disfonia_psicogenica_u_n.wav
[INFO] OK: data/disfonia_psicogenica/885_disfonia_psicogenica_a_n.wav
[INFO] OK: data/disfonia_psicogenica/885_disfonia_psicogenica_i_n.wav
[INFO] OK: data/disfonia_psicogenica/885_disfonia_psicogenica_u_n.wav
[INFO] OK: data/disfonia_psicogenica/911_disfonia_psicogenica_a_n.wav
[INFO] OK: data/disfonia_psicogenica/911_disfonia_psicogenica_i_n.wav
[INFO] OK: data/disfonia_psicogenica/911_disfonia_psicogenica_u_n.wav
[INFO] OK: data/disfonia_psicogenica/917_disfonia_psicogenica_a_n.wav
[INFO] OK: data/disfonia_psicogenica/917_disfonia_psicogenica_i_n.wav
[INFO] OK: data/disfonia_psicogenica/917_disfonia_psicogenica_u_n.wav
[INFO] OK: data/edema_de_reinke/1045_edema_de_reinke_a_n.wav
[INFO] OK: data/edema_de_reinke/1045_edema_de_reinke_i_n.wav
[INFO] OK: data/edema_de_reinke/1045_edema_de_reinke_u_n.wav
[INFO] OK: data/edema_de_reinke/1046_edema_de_reinke_a_n.wav
[INFO] OK: data/edema_de_reinke/1046_edema_de_reinke_i_n.wav
[INFO] OK: data/edema_de_reinke/1046_edema_de_reinke_u_n.wav
[INFO] OK: data/edema_de_reinke/1056_edema_de_reinke_a_n.wav
[INFO] OK: data/edema_de_reinke/1056_edema_de_reinke_i_n.wav
[INFO] OK: data/edema_de_reinke/1056_edema_de_reinke_u_n.wav
[INFO] OK: data/edema_de_reinke/1090_edema_de_reinke_a_n.wav
[INFO] OK: data/edema_de_reinke/1090_edema_de_reinke_i_n.wav
[INFO] OK: data/edema_de_reinke/1090_edema_de_reinke_u_n.wav
[INFO] OK: data/edema_de_reinke/1206_edema_de_reinke_a_n.wav
[INFO] OK: data/edema_de_reinke/1206_edema_de_reinke_i_n.wav
[INFO] OK: data/edema_de_reinke/1206_edema_de_reinke_u_n.wav
[INFO] OK: data/edema_de_reinke/1221_edema_de_reinke_a_n.wav
[INFO] OK: data/edema_de_reinke/1221_edema_de_reinke_i_n.wav
[INFO] OK: data/edema_de_reinke/1221_edema_de_reinke_u_n.wav
[INFO] OK: data/edema_de_reinke/1229_edema_de_reinke_a_n.wav
[INFO] OK: data/edema_de_reinke/1229_edema_de_reinke_i_n.wav
[INFO] OK: data/edema_de_reinke/1229_edema_de_reinke_u_n.wav
[INFO] OK: data/edema_de_reinke/1253_edema_de_reinke_a_n.wav
[INFO] OK: data/edema_de_reinke/1253_edema_de_reinke_i_n.wav
[INFO] OK: data/edema_de_reinke/1253_edema_de_reinke_u_n.wav
[INFO] OK: data/edema_de_reinke/1274_edema_de_reinke_a_n.wav
[INFO] OK: data/edema_de_reinke/1274_edema_de_reinke_i_n.wav
[INFO] OK: data/edema_de_reinke/1274_edema_de_reinke_u_n.wav
[INFO] OK: data/edema_de_reinke/1382_edema_de_reinke_a_n.wav
[INFO] OK: data/edema_de_reinke/1382_edema_de_reinke_i_n.wav
[INFO] OK: data/edema_de_reinke/1382_edema_de_reinke_u_n.wav
[INFO] OK: data/edema_de_reinke/1436_edema_de_reinke_a_n.wav
[INFO] OK: data/edema_de_reinke/1436_edema_de_reinke_i_n.wav
[INFO] OK: data/edema_de_reinke/1436_edema_de_reinke_u_n.wav
[INFO] OK: data/edema_de_reinke/1447_edema_de_reinke_a_n.wav
[INFO] OK: data/edema_de_reinke/1447_edema_de_reinke_i_n.wav
[INFO] OK: data/edema_de_reinke/1447_edema_de_reinke_u_n.wav
[INFO] OK: data/edema_de_reinke/1453_edema_de_reinke_a_n.wav
[INFO] OK: data/edema_de_reinke/1453_edema_de_reinke_i_n.wav
[INFO] OK: data/edema_de_reinke/1453_edema_de_reinke_u_n.wav
[INFO] OK: data/edema_de_reinke/1462_edema_de_reinke_a_n.wav
[INFO] OK: data/edema_de_reinke/1462_edema_de_reinke_i_n.wav
[INFO] OK: data/edema_de_reinke/1462_edema_de_reinke_u_n.wav
[INFO] OK: data/edema_de_reinke/1500_edema_de_reinke_a_n.wav
[INFO] OK: data/edema_de_reinke/1500_edema_de_reinke_i_n.wav
[INFO] OK: data/edema_de_reinke/1500_edema_de_reinke_u_n.wav
[INFO] OK: data/edema_de_reinke/1563_edema_de_reinke_a_n.wav
[INFO] OK: data/edema_de_reinke/1563_edema_de_reinke_i_n.wav
[INFO] OK: data/edema_de_reinke/1563_edema_de_reinke_u_n.wav
[INFO] OK: data/edema_de_reinke/1572_edema_de_reinke_a_n.wav
[INFO] OK: data/edema_de_reinke/1572_edema_de_reinke_i_n.wav
[INFO] OK: data/edema_de_reinke/1572_edema_de_reinke_u_n.wav
[INFO] OK: data/edema_de_reinke/1610_edema_de_reinke_a_n.wav
[INFO] OK: data/edema_de_reinke/1610_edema_de_reinke_i_n.wav
[INFO] OK: data/edema_de_reinke/1610_edema_de_reinke_u_n.wav
[INFO] OK: data/edema_de_reinke/1656_edema_de_reinke_a_n.wav
[INFO] OK: data/edema_de_reinke/1656_edema_de_reinke_i_n.wav
[INFO] OK: data/edema_de_reinke/1656_edema_de_reinke_u_n.wav
[INFO] OK: data/edema_de_reinke/1667_edema_de_reinke_a_n.wav
[INFO] OK: data/edema_de_reinke/1667_edema_de_reinke_i_n.wav
[INFO] OK: data/edema_de_reinke/1667_edema_de_reinke_u_n.wav
[INFO] OK: data/edema_de_reinke/1717_edema_de_reinke_a_n.wav
[INFO] OK: data/edema_de_reinke/1717_edema_de_reinke_i_n.wav
[INFO] OK: data/edema_de_reinke/1717_edema_de_reinke_u_n.wav
[INFO] OK: data/edema_de_reinke/1721_edema_de_reinke_a_n.wav
[INFO] OK: data/edema_de_reinke/1721_edema_de_reinke_i_n.wav
[INFO] OK: data/edema_de_reinke/1721_edema_de_reinke_u_n.wav
[INFO] OK: data/edema_de_reinke/1778_edema_de_reinke_a_n.wav
[INFO] OK: data/edema_de_reinke/1778_edema_de_reinke_i_n.wav
[INFO] OK: data/edema_de_reinke/1778_edema_de_reinke_u_n.wav
[INFO] OK: data/edema_de_reinke/1811_edema_de_reinke_a_n.wav
[INFO] OK: data/edema_de_reinke/1811_edema_de_reinke_i_n.wav
[INFO] OK: data/edema_de_reinke/1811_edema_de_reinke_u_n.wav
[INFO] OK: data/edema_de_reinke/1828_edema_de_reinke_a_n.wav
[INFO] OK: data/edema_de_reinke/1828_edema_de_reinke_i_n.wav
[INFO] OK: data/edema_de_reinke/1828_edema_de_reinke_u_n.wav
[INFO] OK: data/edema_de_reinke/1889_edema_de_reinke_a_n.wav
[INFO] OK: data/edema_de_reinke/1889_edema_de_reinke_i_n.wav
[INFO] OK: data/edema_de_reinke/1889_edema_de_reinke_u_n.wav
[INFO] OK: data/edema_de_reinke/1890_edema_de_reinke_a_n.wav
[INFO] OK: data/edema_de_reinke/1890_edema_de_reinke_i_n.wav
[INFO] OK: data/edema_de_reinke/1890_edema_de_reinke_u_n.wav
[INFO] OK: data/edema_de_reinke/1941_edema_de_reinke_a_n.wav
[INFO] OK: data/edema_de_reinke/1941_edema_de_reinke_i_n.wav
[INFO] OK: data/edema_de_reinke/1941_edema_de_reinke_u_n.wav
[INFO] OK: data/edema_de_reinke/1946_edema_de_reinke_a_n.wav
[INFO] OK: data/edema_de_reinke/1946_edema_de_reinke_i_n.wav
[INFO] OK: data/edema_de_reinke/1946_edema_de_reinke_u_n.wav
[INFO] OK: data/edema_de_reinke/1963_edema_de_reinke_a_n.wav
[INFO] OK: data/edema_de_reinke/1963_edema_de_reinke_i_n.wav
[INFO] OK: data/edema_de_reinke/1963_edema_de_reinke_u_n.wav
[INFO] OK: data/edema_de_reinke/2031_edema_de_reinke_a_n.wav
[INFO] OK: data/edema_de_reinke/2031_edema_de_reinke_i_n.wav
[INFO] OK: data/edema_de_reinke/2031_edema_de_reinke_u_n.wav
[INFO] OK: data/edema_de_reinke/2089_edema_de_reinke_a_n.wav
[INFO] OK: data/edema_de_reinke/2089_edema_de_reinke_i_n.wav
[INFO] OK: data/edema_de_reinke/2089_edema_de_reinke_u_n.wav
[INFO] OK: data/edema_de_reinke/2098_edema_de_reinke_a_n.wav
[INFO] OK: data/edema_de_reinke/2098_edema_de_reinke_i_n.wav
[INFO] OK: data/edema_de_reinke/2098_edema_de_reinke_u_n.wav
[INFO] OK: data/edema_de_reinke/2110_edema_de_reinke_a_n.wav
[INFO] OK: data/edema_de_reinke/2110_edema_de_reinke_i_n.wav
[INFO] OK: data/edema_de_reinke/2110_edema_de_reinke_u_n.wav
[INFO] OK: data/edema_de_reinke/2112_edema_de_reinke_a_n.wav
[INFO] OK: data/edema_de_reinke/2112_edema_de_reinke_i_n.wav
[INFO] OK: data/edema_de_reinke/2112_edema_de_reinke_u_n.wav
[INFO] OK: data/edema_de_reinke/2118_edema_de_reinke_a_n.wav
[INFO] OK: data/edema_de_reinke/2118_edema_de_reinke_i_n.wav
[INFO] OK: data/edema_de_reinke/2118_edema_de_reinke_u_n.wav
[INFO] OK: data/edema_de_reinke/2161_edema_de_reinke_a_n.wav
[INFO] OK: data/edema_de_reinke/2161_edema_de_reinke_i_n.wav
[INFO] OK: data/edema_de_reinke/2161_edema_de_reinke_u_n.wav
[INFO] OK: data/edema_de_reinke/2188_edema_de_reinke_a_n.wav
[INFO] OK: data/edema_de_reinke/2188_edema_de_reinke_i_n.wav
[INFO] OK: data/edema_de_reinke/2188_edema_de_reinke_u_n.wav
[INFO] OK: data/edema_de_reinke/2193_edema_de_reinke_a_n.wav
[INFO] OK: data/edema_de_reinke/2193_edema_de_reinke_i_n.wav
[INFO] OK: data/edema_de_reinke/2193_edema_de_reinke_u_n.wav
[INFO] OK: data/edema_de_reinke/2211_edema_de_reinke_a_n.wav
[INFO] OK: data/edema_de_reinke/2211_edema_de_reinke_i_n.wav
[INFO] OK: data/edema_de_reinke/2211_edema_de_reinke_u_n.wav
[INFO] OK: data/edema_de_reinke/2271_edema_de_reinke_a_n.wav
[INFO] OK: data/edema_de_reinke/2271_edema_de_reinke_i_n.wav
[INFO] OK: data/edema_de_reinke/2271_edema_de_reinke_u_n.wav
[INFO] OK: data/edema_de_reinke/2305_edema_de_reinke_a_n.wav
[INFO] OK: data/edema_de_reinke/2305_edema_de_reinke_i_n.wav
[INFO] OK: data/edema_de_reinke/2305_edema_de_reinke_u_n.wav
[INFO] OK: data/edema_de_reinke/2333_edema_de_reinke_a_n.wav
[INFO] OK: data/edema_de_reinke/2333_edema_de_reinke_i_n.wav
[INFO] OK: data/edema_de_reinke/2333_edema_de_reinke_u_n.wav
[INFO] OK: data/edema_de_reinke/2344_edema_de_reinke_a_n.wav
[INFO] OK: data/edema_de_reinke/2344_edema_de_reinke_i_n.wav
[INFO] OK: data/edema_de_reinke/2344_edema_de_reinke_u_n.wav
[INFO] OK: data/edema_de_reinke/2345_edema_de_reinke_a_n.wav
[INFO] OK: data/edema_de_reinke/2345_edema_de_reinke_i_n.wav
[INFO] OK: data/edema_de_reinke/2345_edema_de_reinke_u_n.wav
[INFO] OK: data/edema_de_reinke/2358_edema_de_reinke_a_n.wav
[INFO] OK: data/edema_de_reinke/2358_edema_de_reinke_i_n.wav
[INFO] OK: data/edema_de_reinke/2358_edema_de_reinke_u_n.wav
[INFO] OK: data/edema_de_reinke/2375_edema_de_reinke_a_n.wav
[INFO] OK: data/edema_de_reinke/2375_edema_de_reinke_i_n.wav
[INFO] OK: data/edema_de_reinke/2375_edema_de_reinke_u_n.wav
[INFO] OK: data/edema_de_reinke/2381_edema_de_reinke_a_n.wav
[INFO] OK: data/edema_de_reinke/2381_edema_de_reinke_i_n.wav
[INFO] OK: data/edema_de_reinke/2381_edema_de_reinke_u_n.wav
[INFO] OK: data/edema_de_reinke/2411_edema_de_reinke_a_n.wav
[INFO] OK: data/edema_de_reinke/2411_edema_de_reinke_i_n.wav
[INFO] OK: data/edema_de_reinke/2411_edema_de_reinke_u_n.wav
[INFO] OK: data/edema_de_reinke/2426_edema_de_reinke_a_n.wav
[INFO] OK: data/edema_de_reinke/2426_edema_de_reinke_i_n.wav
[INFO] OK: data/edema_de_reinke/2426_edema_de_reinke_u_n.wav
[INFO] OK: data/edema_de_reinke/2449_edema_de_reinke_a_n.wav
[INFO] OK: data/edema_de_reinke/2449_edema_de_reinke_i_n.wav
[INFO] OK: data/edema_de_reinke/2449_edema_de_reinke_u_n.wav
[INFO] OK: data/edema_de_reinke/2491_edema_de_reinke_a_n.wav
[INFO] OK: data/edema_de_reinke/2491_edema_de_reinke_i_n.wav
[INFO] OK: data/edema_de_reinke/2491_edema_de_reinke_u_n.wav
[INFO] OK: data/edema_de_reinke/2518_edema_de_reinke_a_n.wav
[INFO] OK: data/edema_de_reinke/2518_edema_de_reinke_i_n.wav
[INFO] OK: data/edema_de_reinke/2518_edema_de_reinke_u_n.wav
[INFO] OK: data/edema_de_reinke/2573_edema_de_reinke_a_n.wav
[INFO] OK: data/edema_de_reinke/2573_edema_de_reinke_i_n.wav
[INFO] OK: data/edema_de_reinke/2573_edema_de_reinke_u_n.wav
[INFO] OK: data/edema_de_reinke/2588_edema_de_reinke_a_n.wav
[INFO] OK: data/edema_de_reinke/2588_edema_de_reinke_i_n.wav
[INFO] OK: data/edema_de_reinke/2588_edema_de_reinke_u_n.wav
[INFO] OK: data/edema_de_reinke/2591_edema_de_reinke_a_n.wav
[INFO] OK: data/edema_de_reinke/2591_edema_de_reinke_i_n.wav
[INFO] OK: data/edema_de_reinke/2591_edema_de_reinke_u_n.wav
[INFO] OK: data/edema_de_reinke/2594_edema_de_reinke_a_n.wav
[INFO] OK: data/edema_de_reinke/2594_edema_de_reinke_i_n.wav
[INFO] OK: data/edema_de_reinke/2594_edema_de_reinke_u_n.wav
[INFO] OK: data/edema_de_reinke/2595_edema_de_reinke_a_n.wav
[INFO] OK: data/edema_de_reinke/2595_edema_de_reinke_i_n.wav
[INFO] OK: data/edema_de_reinke/2595_edema_de_reinke_u_n.wav
[INFO] OK: data/edema_de_reinke/495_edema_de_reinke_a_n.wav
[INFO] OK: data/edema_de_reinke/495_edema_de_reinke_i_n.wav
[INFO] OK: data/edema_de_reinke/495_edema_de_reinke_u_n.wav
[INFO] OK: data/edema_de_reinke/564_edema_de_reinke_a_n.wav
[INFO] OK: data/edema_de_reinke/564_edema_de_reinke_i_n.wav
[INFO] OK: data/edema_de_reinke/564_edema_de_reinke_u_n.wav
[INFO] OK: data/edema_de_reinke/627_edema_de_reinke_a_n.wav
[INFO] OK: data/edema_de_reinke/627_edema_de_reinke_i_n.wav
[INFO] OK: data/edema_de_reinke/627_edema_de_reinke_u_n.wav
[INFO] OK: data/edema_de_reinke/630_edema_de_reinke_a_n.wav
[INFO] OK: data/edema_de_reinke/630_edema_de_reinke_i_n.wav
[INFO] OK: data/edema_de_reinke/630_edema_de_reinke_u_n.wav
[INFO] OK: data/edema_de_reinke/632_edema_de_reinke_a_n.wav
[INFO] OK: data/edema_de_reinke/632_edema_de_reinke_i_n.wav
[INFO] OK: data/edema_de_reinke/632_edema_de_reinke_u_n.wav
[INFO] OK: data/edema_de_reinke/720_edema_de_reinke_a_n.wav
[INFO] OK: data/edema_de_reinke/720_edema_de_reinke_i_n.wav
[INFO] OK: data/edema_de_reinke/720_edema_de_reinke_u_n.wav
[INFO] OK: data/edema_de_reinke/821_edema_de_reinke_a_n.wav
[INFO] OK: data/edema_de_reinke/821_edema_de_reinke_i_n.wav
[INFO] OK: data/edema_de_reinke/821_edema_de_reinke_u_n.wav
[INFO] OK: data/edema_de_reinke/886_edema_de_reinke_a_n.wav
[INFO] OK: data/edema_de_reinke/886_edema_de_reinke_i_n.wav
[INFO] OK: data/edema_de_reinke/886_edema_de_reinke_u_n.wav
[INFO] OK: data/edema_de_reinke/889_edema_de_reinke_a_n.wav
[INFO] OK: data/edema_de_reinke/889_edema_de_reinke_i_n.wav
[INFO] OK: data/edema_de_reinke/889_edema_de_reinke_u_n.wav
[INFO] OK: data/edema_de_reinke/901_edema_de_reinke_a_n.wav
[INFO] OK: data/edema_de_reinke/901_edema_de_reinke_i_n.wav
[INFO] OK: data/edema_de_reinke/901_edema_de_reinke_u_n.wav
Summary: total=1233 copied=1233 linked=0 missing=0 skipped=0
